Arguments: 
  C:\Program Files\nodejs\node.exe C:\Users\amcar\AppData\Roaming\npm\node_modules\yarn\bin\yarn.js run package-win

PATH: 
  C:\Program Files (x86)\VMware\VMware Player\bin\;C:\Program Files\Eclipse Foundation\jdk-8.0.302.8-hotspot\bin;C:\Program Files\Microsoft\jdk-11.0.12.7-hotspot\bin;C:\WINDOWS\system32;C:\WINDOWS;C:\WINDOWS\System32\Wbem;C:\WINDOWS\System32\WindowsPowerShell\v1.0\;C:\WINDOWS\System32\OpenSSH\;C:\Program Files (x86)\Common Files\Acronis\SnapAPI\;C:\Program Files (x86)\Common Files\Acronis\VirtualFile\;C:\Program Files (x86)\Common Files\Acronis\VirtualFile64\;C:\Program Files (x86)\Common Files\Acronis\FileProtector\;C:\Program Files (x86)\Common Files\Acronis\FileProtector64\;C:\Program Files\Microsoft SQL Server\Client SDK\ODBC\170\Tools\Binn\;C:\Program Files (x86)\Microsoft SQL Server\150\Tools\Binn\;C:\Program Files\Microsoft SQL Server\150\Tools\Binn\;C:\Program Files\Microsoft SQL Server\150\DTS\Binn\;C:\Program Files (x86)\Microsoft SQL Server\150\DTS\Binn\;C:\Program Files (x86)\Microsoft SQL Server\160\DTS\Binn\;C:\Program Files\Azure Data Studio\bin;C:\GdPicture.NET 14\Redist;C:\Program Files\dotnet\;C:\Program Files\Microsoft SQL Server\130\Tools\Binn\;C:\Program Files\nodejs\;C:\Program Files\Git\cmd;C:\Users\amcar\AppData\Local\Microsoft\WindowsApps;;C:\Program Files\Azure Data Studio\bin;C:\GdPicture.NET 14\Redist;C:\Users\amcar\.dotnet\tools;C:\Users\amcar\AppData\Local\Programs\Microsoft VS Code\bin;C:\Users\amcar\AppData\Roaming\npm

Yarn version: 
  1.22.19

Node version: 
  16.15.1

Platform: 
  win32 x64

Trace: 
  SyntaxError: C:\Users\amcar\Source\Repos\fork-board-wallet-tool\package.json: Unexpected token / in JSON at position 341
      at JSON.parse (<anonymous>)
      at C:\Users\amcar\AppData\Roaming\npm\node_modules\yarn\lib\cli.js:1629:59
      at Generator.next (<anonymous>)
      at step (C:\Users\amcar\AppData\Roaming\npm\node_modules\yarn\lib\cli.js:310:30)
      at C:\Users\amcar\AppData\Roaming\npm\node_modules\yarn\lib\cli.js:321:13

npm manifest: 
  {
    "name": "ForkBoardWalletTool",
    "productName": "ForkBoard Wallet Tool",
    "description": "An ElectronJS App to assist with retrieving used wallet addresses directly from the Chia and Forks DBs.",
    "keywords": [],
    "main": "./src/main.js",
    "version": "0.1.5",
    "author": "Aaron Carpenter",
    "scripts": {
      "start": "electron .",
  /*    "package-win": "electron-packager . ForkBoardWalletTool --overwrite --win32 --x64 --icon=assets/icons/fork-board-wallet-tool-gray.ico --prune=true --out=./out --ignore=^/assets/config --ignore=^/logs",
      "installer-win": "electron-installer-windows --src ./out/ForkBoardWalletTool-win32-x64 --dest ./out/installers --icon=assets/icons/fork-board-wallet-tool-gray.ico",
      "package-mac": "electron-packager . ForkBoardWalletTool --overwrite --darwin --x64 --icon=assets/icons/fork-board-wallet-tool-gray.icns --prune=true --out=./out --ignore=^/assets/config --ignore=^/logs",
      "installer-mac": "electron-installer-dmg ./out/ForkBoardWalletTool-darwin-x64/fork-board-wallet-tool.app ForkBoardWalletTool",
      "package-linux": "electron-packager . ForkBoardWalletTool --overwrite --linux --x64 --icon=assets/icons/fork-board-wallet-tool-gray.png --prune=true --out=./out --ignore=^/assets/config --ignore=^/logs",
      "installer-deb": "electron-installer-debian --src ./out/ForkBoardWalletTool-linux-x64 --dest ./out/installers/ --arch amd64 --icon=assets/icons/fork-board-wallet-tool-gray.png"
  */  
      "package-win": "electron-packager . ForkBoardWalletTool --overwrite --win32 --x64 --icon=assets/icons/fork-board-wallet-tool-gray.ico --prune=true --out=./out/win --ignore=^/assets/config --ignore=^/logs",
      "installer-win": "electron-installer-windows --src ./out/win/ForkBoardWalletTool-win32-x64 --dest ./out/win/ForkBoardWalletTool-%npm_package_version%-x64 --icon=assets/icons/fork-board-wallet-tool-gray.ico",
      "package-mac-arm64": "electron-packager . ForkBoardWalletTool --darwin --arm64 --out=./out/arm64/ --icon=assets/icons/fork-board-wallet-tool-gray.icns --overwrite=true --prune=true --ignore=^/assets/config --ignore=^/logs",
      "installer-mac-arm64": "electron-installer-dmg out/arm64/ForkBoardWalletTool-darwin-x64/fork-board-wallet-tool.app out/arm64/ForkBoardWalletTool-arm64",
      "package-mac-x64": "electron-packager . ForkBoardWalletTool --darwin --x64 --out=./out/x64/ --icon=assets/icons/fork-board-wallet-tool-gray.icns --overwrite=true --prune=true --ignore=^/assets/config --ignore=^/logs",
      "installer-mac-x64": "electron-installer-dmg out/x64/ForkBoardWalletTool-darwin-x64/fork-board-wallet-tool.app out/x64/ForkBoardWalletTool-x64",
      "package-deb": "electron-packager . ForkBoardWalletTool --overwrite --linux --x64 --icon=assets/icons/fork-board-wallet-tool-gray.png --prune=true --out=./out/deb --ignore=^/assets/config --ignore=^/logs",
      "installer-deb": "electron-installer-debian --src ./out/deb/ForkBoardWalletTool-linux-x64 --dest ./out/deb/ForkBoardWalletTool-$npm_package_version-x64 --arch amd64 --icon=assets/icons/fork-board-wallet-tool-gray.png  --overwrite=true"
  },
    "dependencies": {
      "electron": "^15.3.0",
      "axios": "^0.24.0",
      "bech32": "^2.0.0",
      "bootstrap": "^5.1.3",
      "electron-log": "^4.4.1",
      "electron-packager": "^15.4.0",
      "electron-prompt": "^1.7.0",
      "electron-squirrel-startup": "^1.0.0",
      "jquery": "^3.6.0",
      "sqlite3": "^5.0.2",
      "tar": "^4.4.18"
    },
    "devDependencies": {
      "electron": "^15.3.0"
    }
  }

yarn manifest: 
  No manifest

Lockfile: 
  # THIS IS AN AUTOGENERATED FILE. DO NOT EDIT THIS FILE DIRECTLY.
  # yarn lockfile v1
  
  
  "@electron/get@^1.13.0", "@electron/get@^1.6.0":
    "integrity" "sha512-+SjZhRuRo+STTO1Fdhzqnv9D2ZhjxXP6egsJ9kiO8dtP68cDx7dFCwWi64dlMQV7sWcfW1OYCW4wviEBzmRsfQ=="
    "resolved" "https://registry.npmjs.org/@electron/get/-/get-1.13.0.tgz"
    "version" "1.13.0"
    dependencies:
      "debug" "^4.1.1"
      "env-paths" "^2.2.0"
      "fs-extra" "^8.1.0"
      "got" "^9.6.0"
      "progress" "^2.0.3"
      "semver" "^6.2.0"
      "sumchecker" "^3.0.1"
    optionalDependencies:
      "global-agent" "^2.0.2"
      "global-tunnel-ng" "^2.7.1"
  
  "@malept/cross-spawn-promise@^1.0.0", "@malept/cross-spawn-promise@^1.1.0":
    "integrity" "sha512-RTBGWL5FWQcg9orDOCcp4LvItNzUPcyEU9bwaeJX0rJ1IQxzucC48Y0/sQLp/g6t99IQgAlGIaesJS+gTn7tVQ=="
    "resolved" "https://registry.npmjs.org/@malept/cross-spawn-promise/-/cross-spawn-promise-1.1.1.tgz"
    "version" "1.1.1"
    dependencies:
      "cross-spawn" "^7.0.1"
  
  "@popperjs/core@^2.10.2":
    "integrity" "sha512-92FRmppjjqz29VMJ2dn+xdyXZBrMlE42AV6Kq6BwjWV7CNUW1hs2FtxSNLQE+gJhaZ6AAmYuO9y8dshhcBl7vA=="
    "resolved" "https://registry.npmjs.org/@popperjs/core/-/core-2.11.2.tgz"
    "version" "2.11.2"
  
  "@sindresorhus/is@^0.14.0":
    "integrity" "sha512-9NET910DNaIPngYnLLPeg+Ogzqsi9uM4mSboU5y6p8S5DzMTVEsJZrawi+BoDNUVBa2DhJqQYUFvMDfgU062LQ=="
    "resolved" "https://registry.npmjs.org/@sindresorhus/is/-/is-0.14.0.tgz"
    "version" "0.14.0"
  
  "@szmarczak/http-timer@^1.1.2":
    "integrity" "sha512-XIB2XbzHTN6ieIjfIMV9hlVcfPU26s2vafYWQcZHWXHOxiaRZYEDKEwdl129Zyg50+foYV2jCgtrqSA6qNuNSA=="
    "resolved" "https://registry.npmjs.org/@szmarczak/http-timer/-/http-timer-1.1.2.tgz"
    "version" "1.1.2"
    dependencies:
      "defer-to-connect" "^1.0.1"
  
  "@types/fs-extra@^9.0.1":
    "integrity" "sha512-nEnwB++1u5lVDM2UI4c1+5R+FYaKfaAzS4OococimjVm3nQw3TuzH5UNsocrcTBbhnerblyHj4A49qXbIiZdpA=="
    "resolved" "https://registry.npmjs.org/@types/fs-extra/-/fs-extra-9.0.13.tgz"
    "version" "9.0.13"
    dependencies:
      "@types/node" "*"
  
  "@types/glob@^7.1.1":
    "integrity" "sha512-w+LsMxKyYQm347Otw+IfBXOv9UWVjpHpCDdbBMt8Kz/xbvCYNjP+0qPh91Km3iKfSRLBB0P7fAMf0KHrPu+MyA=="
    "resolved" "https://registry.npmjs.org/@types/glob/-/glob-7.1.4.tgz"
    "version" "7.1.4"
    dependencies:
      "@types/minimatch" "*"
      "@types/node" "*"
  
  "@types/minimatch@*":
    "integrity" "sha512-Klz949h02Gz2uZCMGwDUSDS1YBlTdDDgbWHi+81l29tQALUtvz4rAYi5uoVhE5Lagoq6DeqAUlbrHvW/mXDgdQ=="
    "resolved" "https://registry.npmjs.org/@types/minimatch/-/minimatch-3.0.5.tgz"
    "version" "3.0.5"
  
  "@types/node@*":
    "integrity" "sha512-4/Z9DMPKFexZj/Gn3LylFgamNKHm4K3QDi0gz9B26Uk0c8izYf97B5fxfpspMNkWlFupblKM/nV8+NA9Ffvr+w=="
    "resolved" "https://registry.npmjs.org/@types/node/-/node-16.10.1.tgz"
    "version" "16.10.1"
  
  "@types/node@^14.6.2":
    "integrity" "sha512-JcII3D5/OapPGx+eJ+Ik1SQGyt6WvuqdRfh9jUwL6/iHGjmyOriBDciBUu7lEIBTL2ijxwrR70WUnw5AEDmFvQ=="
    "resolved" "https://registry.npmjs.org/@types/node/-/node-14.17.32.tgz"
    "version" "14.17.32"
  
  "@types/yauzl@^2.9.1":
    "integrity" "sha512-8uALY5LTvSuHgloDVUvWP3pIauILm+8/0pDMokuDYIoNsOkSwd5AiHBTSEJjKTDcZr5z8UpgOWZkxBF4iJftoA=="
    "resolved" "https://registry.npmjs.org/@types/yauzl/-/yauzl-2.9.2.tgz"
    "version" "2.9.2"
    dependencies:
      "@types/node" "*"
  
  "abbrev@1":
    "integrity" "sha512-nne9/IiQ/hzIhY6pdDnbBtz7DjPTKrY00P/zvPSm5pOFkl6xuGrGnXn/VtTNNfNtAfZ9/1RtehkszU9qcTii0Q=="
    "resolved" "https://registry.npmjs.org/abbrev/-/abbrev-1.1.1.tgz"
    "version" "1.1.1"
  
  "ajv@^6.12.3":
    "integrity" "sha512-j3fVLgvTo527anyYyJOGTYJbG+vnnQYvE0m5mmkc1TK+nxAppkCLMIL0aZ4dblVCNoGShhm+kzE4ZUykBoMg4g=="
    "resolved" "https://registry.npmjs.org/ajv/-/ajv-6.12.6.tgz"
    "version" "6.12.6"
    dependencies:
      "fast-deep-equal" "^3.1.1"
      "fast-json-stable-stringify" "^2.0.0"
      "json-schema-traverse" "^0.4.1"
      "uri-js" "^4.2.2"
  
  "ansi-regex@^2.0.0":
    "integrity" "sha1-w7M6te42DYbg5ijwRorn7yfWVN8="
    "resolved" "https://registry.npmjs.org/ansi-regex/-/ansi-regex-2.1.1.tgz"
    "version" "2.1.1"
  
  "ansi-regex@^5.0.1":
    "integrity" "sha512-quJQXlTSUGL2LH9SUXo8VwsY4soanhgo6LNSm84E1LBcE8s3O0wpdiRzyR9z/ZZJMlMWv37qOOb9pdJlMUEKFQ=="
    "resolved" "https://registry.npmjs.org/ansi-regex/-/ansi-regex-5.0.1.tgz"
    "version" "5.0.1"
  
  "ansi-styles@^4.0.0":
    "integrity" "sha512-zbB9rCJAT1rbjiVDb2hqKFHNYLxgtk8NURxZ3IZwD3F6NtxbXZQCnnSi1Lkx+IDohdPlFp222wVALIheZJQSEg=="
    "resolved" "https://registry.npmjs.org/ansi-styles/-/ansi-styles-4.3.0.tgz"
    "version" "4.3.0"
    dependencies:
      "color-convert" "^2.0.1"
  
  "aproba@^1.0.3":
    "integrity" "sha512-Y9J6ZjXtoYh8RnXVCMOU/ttDmk1aBjunq9vO0ta5x85WDQiQfUF9sIPBITdbiiIVcBo03Hi3jMxigBtsddlXRw=="
    "resolved" "https://registry.npmjs.org/aproba/-/aproba-1.2.0.tgz"
    "version" "1.2.0"
  
  "are-we-there-yet@~1.1.2":
    "integrity" "sha512-nxwy40TuMiUGqMyRHgCSWZ9FM4VAoRP4xUYSTv5ImRog+h9yISPbVH7H8fASCIzYn9wlEv4zvFL7uKDMCFQm3g=="
    "resolved" "https://registry.npmjs.org/are-we-there-yet/-/are-we-there-yet-1.1.7.tgz"
    "version" "1.1.7"
    dependencies:
      "delegates" "^1.0.0"
      "readable-stream" "^2.0.6"
  
  "asar@^3.0.0", "asar@^3.1.0":
    "integrity" "sha512-vyxPxP5arcAqN4F/ebHd/HhwnAiZtwhglvdmc7BR2f0ywbVNTOpSeyhLDbGXtE/y58hv1oC75TaNIXutnsOZsQ=="
    "resolved" "https://registry.npmjs.org/asar/-/asar-3.1.0.tgz"
    "version" "3.1.0"
    dependencies:
      "chromium-pickle-js" "^0.2.0"
      "commander" "^5.0.0"
      "glob" "^7.1.6"
      "minimatch" "^3.0.4"
    optionalDependencies:
      "@types/glob" "^7.1.1"
  
  "asn1@~0.2.3":
    "integrity" "sha512-jxwzQpLQjSmWXgwaCZE9Nz+glAG01yF1QnWgbhGwHI5A6FRIEY6IVqtHhIepHqI7/kyEyQEagBC5mBEFlIYvdg=="
    "resolved" "https://registry.npmjs.org/asn1/-/asn1-0.2.4.tgz"
    "version" "0.2.4"
    dependencies:
      "safer-buffer" "~2.1.0"
  
  "assert-plus@^1.0.0", "assert-plus@1.0.0":
    "integrity" "sha1-8S4PPF13sLHN2RRpQuTpbB5N1SU="
    "resolved" "https://registry.npmjs.org/assert-plus/-/assert-plus-1.0.0.tgz"
    "version" "1.0.0"
  
  "asynckit@^0.4.0":
    "integrity" "sha1-x57Zf380y48robyXkLzDZkdLS3k="
    "resolved" "https://registry.npmjs.org/asynckit/-/asynckit-0.4.0.tgz"
    "version" "0.4.0"
  
  "at-least-node@^1.0.0":
    "integrity" "sha512-+q/t7Ekv1EDY2l6Gda6LLiX14rU9TV20Wa3ofeQmwPFZbOMo9DXrLbOjFaaclkXKWidIaopwAObQDqwWtGUjqg=="
    "resolved" "https://registry.npmjs.org/at-least-node/-/at-least-node-1.0.0.tgz"
    "version" "1.0.0"
  
  "author-regex@^1.0.0":
    "integrity" "sha1-0IiFvmubv5Q5/gh8dihyRfCoFFA="
    "resolved" "https://registry.npmjs.org/author-regex/-/author-regex-1.0.0.tgz"
    "version" "1.0.0"
  
  "aws-sign2@~0.7.0":
    "integrity" "sha1-tG6JCTSpWR8tL2+G1+ap8bP+dqg="
    "resolved" "https://registry.npmjs.org/aws-sign2/-/aws-sign2-0.7.0.tgz"
    "version" "0.7.0"
  
  "aws4@^1.8.0":
    "integrity" "sha512-xh1Rl34h6Fi1DC2WWKfxUTVqRsNnr6LsKz2+hfwDxQJWmrx8+c7ylaqBMcHfl1U1r2dsifOvKX3LQuLNZ+XSvA=="
    "resolved" "https://registry.npmjs.org/aws4/-/aws4-1.11.0.tgz"
    "version" "1.11.0"
  
  "axios@^0.24.0":
    "integrity" "sha512-Q6cWsys88HoPgAaFAVUb0WpPk0O8iTeisR9IMqy9G8AbO4NlpVknrnQS03zzF9PGAWgO3cgletO3VjV/P7VztA=="
    "resolved" "https://registry.npmjs.org/axios/-/axios-0.24.0.tgz"
    "version" "0.24.0"
    dependencies:
      "follow-redirects" "^1.14.7"
  
  "balanced-match@^1.0.0":
    "integrity" "sha512-3oSeUO0TMV67hN1AmbXsK4yaqU7tjiHlbxRDZOpH0KW9+CeX4bRAaX0Anxt0tx2MrpRpWwQaPwIlISEJhYU5Pw=="
    "resolved" "https://registry.npmjs.org/balanced-match/-/balanced-match-1.0.2.tgz"
    "version" "1.0.2"
  
  "base64-js@^1.5.1":
    "integrity" "sha512-AKpaYlHn8t4SVbOHCy+b5+KKgvR4vrsD8vbvrbiQJps7fKDTkjkDry6ji0rUJjC0kzbNePLwzxq8iypo41qeWA=="
    "resolved" "https://registry.npmjs.org/base64-js/-/base64-js-1.5.1.tgz"
    "version" "1.5.1"
  
  "bcrypt-pbkdf@^1.0.0":
    "integrity" "sha1-pDAdOJtqQ/m2f/PKEaP2Y342Dp4="
    "resolved" "https://registry.npmjs.org/bcrypt-pbkdf/-/bcrypt-pbkdf-1.0.2.tgz"
    "version" "1.0.2"
    dependencies:
      "tweetnacl" "^0.14.3"
  
  "bech32@^2.0.0":
    "integrity" "sha512-LcknSilhIGatDAsY1ak2I8VtGaHNhgMSYVxFrGLXv+xLHytaKZKcaUJJUE7qmBr7h33o5YQwP55pMI0xmkpJwg=="
    "resolved" "https://registry.npmjs.org/bech32/-/bech32-2.0.0.tgz"
    "version" "2.0.0"
  
  "block-stream@*":
    "integrity" "sha1-E+v+d4oDIFz+A3UUgeu0szAMEmo="
    "resolved" "https://registry.npmjs.org/block-stream/-/block-stream-0.0.9.tgz"
    "version" "0.0.9"
    dependencies:
      "inherits" "~2.0.0"
  
  "bluebird@^3.1.1", "bluebird@^3.5.0":
    "integrity" "sha512-XpNj6GDQzdfW+r2Wnn7xiSAd7TM3jzkxGXBGTtWKuSXv1xUV+azxAm8jdWZN06QTQk+2N2XB9jRDkvbmQmcRtg=="
    "resolved" "https://registry.npmjs.org/bluebird/-/bluebird-3.7.2.tgz"
    "version" "3.7.2"
  
  "boolean@^3.0.1":
    "integrity" "sha512-3hx0kwU3uzG6ReQ3pnaFQPSktpBw6RHN3/ivDKEuU8g1XSfafowyvDnadjv1xp8IZqhtSukxlwv9bF6FhX8m0w=="
    "resolved" "https://registry.npmjs.org/boolean/-/boolean-3.1.4.tgz"
    "version" "3.1.4"
  
  "bootstrap@^5.1.3":
    "integrity" "sha512-fcQztozJ8jToQWXxVuEyXWW+dSo8AiXWKwiSSrKWsRB/Qt+Ewwza+JWoLKiTuQLaEPhdNAJ7+Dosc9DOIqNy7Q=="
    "resolved" "https://registry.npmjs.org/bootstrap/-/bootstrap-5.1.3.tgz"
    "version" "5.1.3"
  
  "brace-expansion@^1.1.7":
    "integrity" "sha512-iCuPHDFgrHX7H2vEI/5xpz07zSHB00TpugqhmYtVmMO6518mCuRMoOYFldEBl0g187ufozdaHgWKcYFb61qGiA=="
    "resolved" "https://registry.npmjs.org/brace-expansion/-/brace-expansion-1.1.11.tgz"
    "version" "1.1.11"
    dependencies:
      "balanced-match" "^1.0.0"
      "concat-map" "0.0.1"
  
  "buffer-alloc-unsafe@^1.1.0":
    "integrity" "sha512-TEM2iMIEQdJ2yjPJoSIsldnleVaAk1oW3DBVUykyOLsEsFmEc9kn+SFFPz+gl54KQNxlDnAwCXosOS9Okx2xAg=="
    "resolved" "https://registry.npmjs.org/buffer-alloc-unsafe/-/buffer-alloc-unsafe-1.1.0.tgz"
    "version" "1.1.0"
  
  "buffer-alloc@^1.2.0":
    "integrity" "sha512-CFsHQgjtW1UChdXgbyJGtnm+O/uLQeZdtbDo8mfUgYXCHSM1wgrVxXm6bSyrUuErEb+4sYVGCzASBRot7zyrow=="
    "resolved" "https://registry.npmjs.org/buffer-alloc/-/buffer-alloc-1.2.0.tgz"
    "version" "1.2.0"
    dependencies:
      "buffer-alloc-unsafe" "^1.1.0"
      "buffer-fill" "^1.0.0"
  
  "buffer-crc32@~0.2.3":
    "integrity" "sha1-DTM+PwDqxQqhRUq9MO+MKl2ackI="
    "resolved" "https://registry.npmjs.org/buffer-crc32/-/buffer-crc32-0.2.13.tgz"
    "version" "0.2.13"
  
  "buffer-fill@^1.0.0":
    "integrity" "sha1-+PeLdniYiO858gXNY39o5wISKyw="
    "resolved" "https://registry.npmjs.org/buffer-fill/-/buffer-fill-1.0.0.tgz"
    "version" "1.0.0"
  
  "buffer-from@^1.0.0":
    "integrity" "sha512-E+XQCRwSbaaiChtv6k6Dwgc+bx+Bs6vuKJHHl5kox/BaKbhiXzqQOwK4cO22yElGp2OCmjwVhT3HmxgyPGnJfQ=="
    "resolved" "https://registry.npmjs.org/buffer-from/-/buffer-from-1.1.2.tgz"
    "version" "1.1.2"
  
  "cacheable-request@^6.0.0":
    "integrity" "sha512-Oj3cAGPCqOZX7Rz64Uny2GYAZNliQSqfbePrgAQ1wKAihYmCUnraBtJtKcGR4xz7wF+LoJC+ssFZvv5BgF9Igg=="
    "resolved" "https://registry.npmjs.org/cacheable-request/-/cacheable-request-6.1.0.tgz"
    "version" "6.1.0"
    dependencies:
      "clone-response" "^1.0.2"
      "get-stream" "^5.1.0"
      "http-cache-semantics" "^4.0.0"
      "keyv" "^3.0.0"
      "lowercase-keys" "^2.0.0"
      "normalize-url" "^4.1.0"
      "responselike" "^1.0.2"
  
  "camelcase@^5.0.0":
    "integrity" "sha512-L28STB170nwWS63UjtlEOE3dldQApaJXZkOI1uMFfzf3rRuPegHaHesyee+YxQ+W6SvRDQV6UrdOdRiR153wJg=="
    "resolved" "https://registry.npmjs.org/camelcase/-/camelcase-5.3.1.tgz"
    "version" "5.3.1"
  
  "caseless@~0.12.0":
    "integrity" "sha1-G2gcIf+EAzyCZUMJBolCDRhxUdw="
    "resolved" "https://registry.npmjs.org/caseless/-/caseless-0.12.0.tgz"
    "version" "0.12.0"
  
  "chownr@^1.1.4":
    "integrity" "sha512-jJ0bqzaylmJtVnNgzTeSOs8DPavpbYgEr/b0YL8/2GO3xJEhInFmhKMUnEJQjZumK7KXGFhUy89PrsJWlakBVg=="
    "resolved" "https://registry.npmjs.org/chownr/-/chownr-1.1.4.tgz"
    "version" "1.1.4"
  
  "chromium-pickle-js@^0.2.0":
    "integrity" "sha1-BKEGZywYsIWrd02YPfo+oTjyIgU="
    "resolved" "https://registry.npmjs.org/chromium-pickle-js/-/chromium-pickle-js-0.2.0.tgz"
    "version" "0.2.0"
  
  "cliui@^6.0.0":
    "integrity" "sha512-t6wbgtoCXvAzst7QgXxJYqPt0usEfbgQdftEPbLL/cvv6HPE5VgvqCuAIDR0NgU52ds6rFwqrgakNLrHEjCbrQ=="
    "resolved" "https://registry.npmjs.org/cliui/-/cliui-6.0.0.tgz"
    "version" "6.0.0"
    dependencies:
      "string-width" "^4.2.0"
      "strip-ansi" "^6.0.0"
      "wrap-ansi" "^6.2.0"
  
  "clone-response@^1.0.2":
    "integrity" "sha1-0dyXOSAxTfZ/vrlCI7TuNQI56Ws="
    "resolved" "https://registry.npmjs.org/clone-response/-/clone-response-1.0.2.tgz"
    "version" "1.0.2"
    dependencies:
      "mimic-response" "^1.0.0"
  
  "code-point-at@^1.0.0":
    "integrity" "sha1-DQcLTQQ6W+ozovGkDi7bPZpMz3c="
    "resolved" "https://registry.npmjs.org/code-point-at/-/code-point-at-1.1.0.tgz"
    "version" "1.1.0"
  
  "color-convert@^2.0.1":
    "integrity" "sha512-RRECPsj7iu/xb5oKYcsFHSppFNnsj/52OVTRKb4zP5onXwVF3zVmmToNcOfGC+CRDpfK/U584fMg38ZHCaElKQ=="
    "resolved" "https://registry.npmjs.org/color-convert/-/color-convert-2.0.1.tgz"
    "version" "2.0.1"
    dependencies:
      "color-name" "~1.1.4"
  
  "color-name@~1.1.4":
    "integrity" "sha512-dOy+3AuW3a2wNbZHIuMZpTcgjGuLU/uBL/ubcZF9OXbDo8ff4O8yVp5Bf0efS8uEoYo5q4Fx7dY9OgQGXgAsQA=="
    "resolved" "https://registry.npmjs.org/color-name/-/color-name-1.1.4.tgz"
    "version" "1.1.4"
  
  "combined-stream@^1.0.6", "combined-stream@~1.0.6":
    "integrity" "sha512-FQN4MRfuJeHf7cBbBMJFXhKSDq+2kAArBlmRBvcvFE5BB1HZKXtSFASDhdlz9zOYwxh8lDdnvmMOe/+5cdoEdg=="
    "resolved" "https://registry.npmjs.org/combined-stream/-/combined-stream-1.0.8.tgz"
    "version" "1.0.8"
    dependencies:
      "delayed-stream" "~1.0.0"
  
  "commander@^5.0.0":
    "integrity" "sha512-P0CysNDQ7rtVw4QIQtm+MRxV66vKFSvlsQvGYXZWR3qFU0jlMKHZZZgw8e+8DSah4UDKMqnknRDQz+xuQXQ/Zg=="
    "resolved" "https://registry.npmjs.org/commander/-/commander-5.1.0.tgz"
    "version" "5.1.0"
  
  "compare-version@^0.1.2":
    "integrity" "sha1-AWLsLZNR9d3VmpICy6k1NmpyUIA="
    "resolved" "https://registry.npmjs.org/compare-version/-/compare-version-0.1.2.tgz"
    "version" "0.1.2"
  
  "concat-map@0.0.1":
    "integrity" "sha1-2Klr13/Wjfd5OnMDajug1UBdR3s="
    "resolved" "https://registry.npmjs.org/concat-map/-/concat-map-0.0.1.tgz"
    "version" "0.0.1"
  
  "concat-stream@^1.6.2":
    "integrity" "sha512-27HBghJxjiZtIk3Ycvn/4kbJk/1uZuJFfuPEns6LaEvpvG1f0hTea8lilrouyo9mVc2GWdcEZ8OLoGmSADlrCw=="
    "resolved" "https://registry.npmjs.org/concat-stream/-/concat-stream-1.6.2.tgz"
    "version" "1.6.2"
    dependencies:
      "buffer-from" "^1.0.0"
      "inherits" "^2.0.3"
      "readable-stream" "^2.2.2"
      "typedarray" "^0.0.6"
  
  "config-chain@^1.1.11":
    "integrity" "sha512-qj+f8APARXHrM0hraqXYb2/bOVSV4PvJQlNZ/DVj0QrmNM2q2euizkeuVckQ57J+W0mRH6Hvi+k50M4Jul2VRQ=="
    "resolved" "https://registry.npmjs.org/config-chain/-/config-chain-1.1.13.tgz"
    "version" "1.1.13"
    dependencies:
      "ini" "^1.3.4"
      "proto-list" "~1.2.1"
  
  "console-control-strings@^1.0.0", "console-control-strings@~1.1.0":
    "integrity" "sha1-PXz0Rk22RG6mRL9LOVB/mFEAjo4="
    "resolved" "https://registry.npmjs.org/console-control-strings/-/console-control-strings-1.1.0.tgz"
    "version" "1.1.0"
  
  "core-js@^3.6.5":
    "integrity" "sha512-vJlUi/7YdlCZeL6fXvWNaLUPh/id12WXj3MbkMw5uOyF0PfWPBNOCNbs53YqgrvtujLNlt9JQpruyIKkUZ+PKA=="
    "resolved" "https://registry.npmjs.org/core-js/-/core-js-3.18.1.tgz"
    "version" "3.18.1"
  
  "core-util-is@~1.0.0":
    "integrity" "sha512-ZQBvi1DcpJ4GDqanjucZ2Hj3wEO5pZDS89BWbkcrvdxksJorwUDDZamX9ldFkp9aw2lmBDLgkObEA4DWNJ9FYQ=="
    "resolved" "https://registry.npmjs.org/core-util-is/-/core-util-is-1.0.3.tgz"
    "version" "1.0.3"
  
  "core-util-is@1.0.2":
    "integrity" "sha1-tf1UIgqivFq1eqtxQMlAdUUDwac="
    "resolved" "https://registry.npmjs.org/core-util-is/-/core-util-is-1.0.2.tgz"
    "version" "1.0.2"
  
  "cross-spawn-windows-exe@^1.1.0", "cross-spawn-windows-exe@^1.2.0":
    "integrity" "sha512-mkLtJJcYbDCxEG7Js6eUnUNndWjyUZwJ3H7bErmmtOYU/Zb99DyUkpamuIZE0b3bhmJyZ7D90uS6f+CGxRRjOw=="
    "resolved" "https://registry.npmjs.org/cross-spawn-windows-exe/-/cross-spawn-windows-exe-1.2.0.tgz"
    "version" "1.2.0"
    dependencies:
      "@malept/cross-spawn-promise" "^1.1.0"
      "is-wsl" "^2.2.0"
      "which" "^2.0.2"
  
  "cross-spawn@^7.0.1":
    "integrity" "sha512-iRDPJKUPVEND7dHPO8rkbOnPpyDygcDFtWjpeWNCgy8WP2rXcxXL8TskReQl6OrB2G7+UJrags1q15Fudc7G6w=="
    "resolved" "https://registry.npmjs.org/cross-spawn/-/cross-spawn-7.0.3.tgz"
    "version" "7.0.3"
    dependencies:
      "path-key" "^3.1.0"
      "shebang-command" "^2.0.0"
      "which" "^2.0.1"
  
  "dashdash@^1.12.0":
    "integrity" "sha1-hTz6D3y+L+1d4gMmuN1YEDX24vA="
    "resolved" "https://registry.npmjs.org/dashdash/-/dashdash-1.14.1.tgz"
    "version" "1.14.1"
    dependencies:
      "assert-plus" "^1.0.0"
  
  "debug@^2.2.0":
    "integrity" "sha512-bC7ElrdJaJnPbAP+1EotYvqZsb3ecl5wi6Bfi6BJTUcNowp6cvspg0jXznRTKDjm/E7AdgFBVeAPVMNcKGsHMA=="
    "resolved" "https://registry.npmjs.org/debug/-/debug-2.6.9.tgz"
    "version" "2.6.9"
    dependencies:
      "ms" "2.0.0"
  
  "debug@^2.6.8":
    "integrity" "sha512-bC7ElrdJaJnPbAP+1EotYvqZsb3ecl5wi6Bfi6BJTUcNowp6cvspg0jXznRTKDjm/E7AdgFBVeAPVMNcKGsHMA=="
    "resolved" "https://registry.npmjs.org/debug/-/debug-2.6.9.tgz"
    "version" "2.6.9"
    dependencies:
      "ms" "2.0.0"
  
  "debug@^2.6.9":
    "integrity" "sha512-bC7ElrdJaJnPbAP+1EotYvqZsb3ecl5wi6Bfi6BJTUcNowp6cvspg0jXznRTKDjm/E7AdgFBVeAPVMNcKGsHMA=="
    "resolved" "https://registry.npmjs.org/debug/-/debug-2.6.9.tgz"
    "version" "2.6.9"
    dependencies:
      "ms" "2.0.0"
  
  "debug@^3.1.0":
    "integrity" "sha512-CFjzYYAi4ThfiQvizrFQevTTXHtnCqWfe7x1AhgEscTz6ZbLbfoLRLPugTQyBth6f8ZERVUSyWHFD/7Wu4t1XQ=="
    "resolved" "https://registry.npmjs.org/debug/-/debug-3.2.7.tgz"
    "version" "3.2.7"
    dependencies:
      "ms" "^2.1.1"
  
  "debug@^3.2.6":
    "integrity" "sha512-CFjzYYAi4ThfiQvizrFQevTTXHtnCqWfe7x1AhgEscTz6ZbLbfoLRLPugTQyBth6f8ZERVUSyWHFD/7Wu4t1XQ=="
    "resolved" "https://registry.npmjs.org/debug/-/debug-3.2.7.tgz"
    "version" "3.2.7"
    dependencies:
      "ms" "^2.1.1"
  
  "debug@^4.0.1", "debug@^4.1.0", "debug@^4.1.1":
    "integrity" "sha512-mOp8wKcvj7XxC78zLgw/ZA+6TSgkoE2C/ienthhRD298T7UNwAg9diBpLRxC0mOezLl4B0xV7M0cCO6P/O0Xhw=="
    "resolved" "https://registry.npmjs.org/debug/-/debug-4.3.2.tgz"
    "version" "4.3.2"
    dependencies:
      "ms" "2.1.2"
  
  "decamelize@^1.2.0":
    "integrity" "sha1-9lNNFRSCabIDUue+4m9QH5oZEpA="
    "resolved" "https://registry.npmjs.org/decamelize/-/decamelize-1.2.0.tgz"
    "version" "1.2.0"
  
  "decompress-response@^3.3.0":
    "integrity" "sha1-gKTdMjdIOEv6JICDYirt7Jgq3/M="
    "resolved" "https://registry.npmjs.org/decompress-response/-/decompress-response-3.3.0.tgz"
    "version" "3.3.0"
    dependencies:
      "mimic-response" "^1.0.0"
  
  "deep-extend@^0.6.0":
    "integrity" "sha512-LOHxIOaPYdHlJRtCQfDIVZtfw/ufM8+rVj649RIHzcm/vGwQRXFt6OPqIFWsm2XEMrNIEtWR64sY1LEKD2vAOA=="
    "resolved" "https://registry.npmjs.org/deep-extend/-/deep-extend-0.6.0.tgz"
    "version" "0.6.0"
  
  "defer-to-connect@^1.0.1":
    "integrity" "sha512-0ISdNousHvZT2EiFlZeZAHBUvSxmKswVCEf8hW7KWgG4a8MVEu/3Vb6uWYozkjylyCxe0JBIiRB1jV45S70WVQ=="
    "resolved" "https://registry.npmjs.org/defer-to-connect/-/defer-to-connect-1.1.3.tgz"
    "version" "1.1.3"
  
  "define-properties@^1.1.3":
    "integrity" "sha512-3MqfYKj2lLzdMSf8ZIZE/V+Zuy+BgD6f164e8K2w7dgnpKArBDerGYpM46IYYcjnkdPNMjPk9A6VFB8+3SKlXQ=="
    "resolved" "https://registry.npmjs.org/define-properties/-/define-properties-1.1.3.tgz"
    "version" "1.1.3"
    dependencies:
      "object-keys" "^1.0.12"
  
  "delayed-stream@~1.0.0":
    "integrity" "sha1-3zrhmayt+31ECqrgsp4icrJOxhk="
    "resolved" "https://registry.npmjs.org/delayed-stream/-/delayed-stream-1.0.0.tgz"
    "version" "1.0.0"
  
  "delegates@^1.0.0":
    "integrity" "sha1-hMbhWbgZBP3KWaDvRM2HDTElD5o="
    "resolved" "https://registry.npmjs.org/delegates/-/delegates-1.0.0.tgz"
    "version" "1.0.0"
  
  "detect-libc@^1.0.2":
    "integrity" "sha1-+hN8S9aY7fVc1c0CrFWfkaTEups="
    "resolved" "https://registry.npmjs.org/detect-libc/-/detect-libc-1.0.3.tgz"
    "version" "1.0.3"
  
  "detect-node@^2.0.4":
    "integrity" "sha512-T0NIuQpnTvFDATNuHN5roPwSBG83rFsuO+MXXH9/3N1eFbn4wcPjttvjMLEPWJ0RGUYgQE7cGgS3tNxbqCGM7g=="
    "resolved" "https://registry.npmjs.org/detect-node/-/detect-node-2.1.0.tgz"
    "version" "2.1.0"
  
  "duplexer3@^0.1.4":
    "integrity" "sha1-7gHdHKwO08vH/b6jfcCo8c4ALOI="
    "resolved" "https://registry.npmjs.org/duplexer3/-/duplexer3-0.1.4.tgz"
    "version" "0.1.4"
  
  "ecc-jsbn@~0.1.1":
    "integrity" "sha1-OoOpBOVDUyh4dMVkt1SThoSamMk="
    "resolved" "https://registry.npmjs.org/ecc-jsbn/-/ecc-jsbn-0.1.2.tgz"
    "version" "0.1.2"
    dependencies:
      "jsbn" "~0.1.0"
      "safer-buffer" "^2.1.0"
  
  "electron-installer-common@^0.10.0":
    "integrity" "sha512-mYbP+6i+nHMIm0WZHXgGdmmXMe+KXncl6jZYQNcCF9C1WsNA9C5SZ2VP4TLQMSIoFO+X4ugkMEA5uld1bmyEvA=="
    "resolved" "https://registry.npmjs.org/electron-installer-common/-/electron-installer-common-0.10.3.tgz"
    "version" "0.10.3"
    dependencies:
      "@malept/cross-spawn-promise" "^1.0.0"
      "asar" "^3.0.0"
      "debug" "^4.1.1"
      "fs-extra" "^9.0.0"
      "glob" "^7.1.4"
      "lodash" "^4.17.15"
      "parse-author" "^2.0.0"
      "semver" "^7.1.1"
      "tmp-promise" "^3.0.2"
    optionalDependencies:
      "@types/fs-extra" "^9.0.1"
  
  "electron-installer-windows@^3.0.0":
    "integrity" "sha512-aTlkqwqFWXPlc3bAd5OidHfU9tHzNFcm4nTlHLLOQZYh1f090YTDMeNZeX+OG5xazOjHo/VkWDp1DzJp3us/2w=="
    "resolved" "https://registry.npmjs.org/electron-installer-windows/-/electron-installer-windows-3.0.0.tgz"
    "version" "3.0.0"
    dependencies:
      "debug" "^4.1.1"
      "electron-installer-common" "^0.10.0"
      "fs-extra" "^8.1.0"
      "lodash" "^4.17.15"
      "parse-author" "^2.0.0"
      "which" "^2.0.2"
      "yargs" "^15.1.0"
  
  "electron-log@^4.4.1":
    "integrity" "sha512-nK/DwxPLtwWbggPCm27eMQhYHc3gzoZ+cokBK99diO4WsZJKrv5l44EUW8mRfWpmC8ZubnMyp6GTUIJyTc9AJA=="
    "resolved" "https://registry.npmjs.org/electron-log/-/electron-log-4.4.1.tgz"
    "version" "4.4.1"
  
  "electron-notarize@^1.1.1":
    "integrity" "sha512-kufsnqh86CTX89AYNG3NCPoboqnku/+32RxeJ2+7A4Rbm4bbOx0Nc7XTy3/gAlBfpj9xPAxHfhZLOHgfi6cJVw=="
    "resolved" "https://registry.npmjs.org/electron-notarize/-/electron-notarize-1.1.1.tgz"
    "version" "1.1.1"
    dependencies:
      "debug" "^4.1.1"
      "fs-extra" "^9.0.1"
  
  "electron-osx-sign@^0.5.0":
    "integrity" "sha512-icoRLHzFz/qxzDh/N4Pi2z4yVHurlsCAYQvsCSG7fCedJ4UJXBS6PoQyGH71IfcqKupcKeK7HX/NkyfG+v6vlQ=="
    "resolved" "https://registry.npmjs.org/electron-osx-sign/-/electron-osx-sign-0.5.0.tgz"
    "version" "0.5.0"
    dependencies:
      "bluebird" "^3.5.0"
      "compare-version" "^0.1.2"
      "debug" "^2.6.8"
      "isbinaryfile" "^3.0.2"
      "minimist" "^1.2.0"
      "plist" "^3.0.1"
  
  "electron-packager@^15.4.0":
    "integrity" "sha512-JrrLcBP15KGrPj0cZ/ALKGmaQ4gJkn3mocf0E3bRKdR3kxKWYcDRpCvdhksYDXw/r3I6tMEcZ7XzyApWFXdVpw=="
    "resolved" "https://registry.npmjs.org/electron-packager/-/electron-packager-15.4.0.tgz"
    "version" "15.4.0"
    dependencies:
      "@electron/get" "^1.6.0"
      "asar" "^3.1.0"
      "cross-spawn-windows-exe" "^1.2.0"
      "debug" "^4.0.1"
      "electron-notarize" "^1.1.1"
      "electron-osx-sign" "^0.5.0"
      "extract-zip" "^2.0.0"
      "filenamify" "^4.1.0"
      "fs-extra" "^9.0.0"
      "galactus" "^0.2.1"
      "get-package-info" "^1.0.0"
      "junk" "^3.1.0"
      "parse-author" "^2.0.0"
      "plist" "^3.0.0"
      "rcedit" "^3.0.1"
      "resolve" "^1.1.6"
      "semver" "^7.1.3"
      "yargs-parser" "^20.0.0"
  
  "electron-prompt@^1.7.0":
    "integrity" "sha512-IfqJYEgcRO6NuyPROo8AtdkAiZ6N9I1lQEf4dJAkPuhV5YgOHdmLqZJf6OXumZJfzrjpzCM5jHeYOrhGdgbnEA=="
    "resolved" "https://registry.npmjs.org/electron-prompt/-/electron-prompt-1.7.0.tgz"
    "version" "1.7.0"
  
  "electron-squirrel-startup@^1.0.0":
    "integrity" "sha1-GbTlWTP6Dvj1VnhLnGYPdyVGoLg="
    "resolved" "https://registry.npmjs.org/electron-squirrel-startup/-/electron-squirrel-startup-1.0.0.tgz"
    "version" "1.0.0"
    dependencies:
      "debug" "^2.2.0"
  
  "electron@^15.3.0":
    "integrity" "sha512-YLzaKCFmSniNlz9+NUTNs7ssPyDc+bYOCYZ0b/D6DjVkOeIFz4SR8EYKqlOc8TcqlDNu18BbWqz6zbJPyAAURg=="
    "resolved" "https://registry.npmjs.org/electron/-/electron-15.3.0.tgz"
    "version" "15.3.0"
    dependencies:
      "@electron/get" "^1.13.0"
      "@types/node" "^14.6.2"
      "extract-zip" "^1.0.3"
  
  "emoji-regex@^8.0.0":
    "integrity" "sha512-MSjYzcWNOA0ewAHpz0MxpYFvwg6yjy1NG3xteoqz644VCo/RPgnr1/GGt+ic3iJTzQ8Eu3TdM14SawnVUmGE6A=="
    "resolved" "https://registry.npmjs.org/emoji-regex/-/emoji-regex-8.0.0.tgz"
    "version" "8.0.0"
  
  "encodeurl@^1.0.2":
    "integrity" "sha1-rT/0yG7C0CkyL1oCw6mmBslbP1k="
    "resolved" "https://registry.npmjs.org/encodeurl/-/encodeurl-1.0.2.tgz"
    "version" "1.0.2"
  
  "end-of-stream@^1.1.0":
    "integrity" "sha512-+uw1inIHVPQoaVuHzRyXd21icM+cnt4CzD5rW+NC1wjOUSTOs+Te7FOv7AhN7vS9x/oIyhLP5PR1H+phQAHu5Q=="
    "resolved" "https://registry.npmjs.org/end-of-stream/-/end-of-stream-1.4.4.tgz"
    "version" "1.4.4"
    dependencies:
      "once" "^1.4.0"
  
  "env-paths@^2.2.0":
    "integrity" "sha512-+h1lkLKhZMTYjog1VEpJNG7NZJWcuc2DDk/qsqSTRRCOXiLjeQ1d1/udrUGhqMxUgAlwKNZ0cf2uqan5GLuS2A=="
    "resolved" "https://registry.npmjs.org/env-paths/-/env-paths-2.2.1.tgz"
    "version" "2.2.1"
  
  "error-ex@^1.2.0":
    "integrity" "sha512-7dFHNmqeFSEt2ZBsCriorKnn3Z2pj+fd9kmI6QoWw4//DL+icEBfc0U7qJCisqrTsKTjw4fNFy2pW9OqStD84g=="
    "resolved" "https://registry.npmjs.org/error-ex/-/error-ex-1.3.2.tgz"
    "version" "1.3.2"
    dependencies:
      "is-arrayish" "^0.2.1"
  
  "es6-error@^4.1.1":
    "integrity" "sha512-Um/+FxMr9CISWh0bi5Zv0iOD+4cFh5qLeks1qhAopKVAJw3drgKbKySikp7wGhDL0HPeaja0P5ULZrxLkniUVg=="
    "resolved" "https://registry.npmjs.org/es6-error/-/es6-error-4.1.1.tgz"
    "version" "4.1.1"
  
  "escape-string-regexp@^1.0.2":
    "integrity" "sha1-G2HAViGQqN/2rjuyzwIAyhMLhtQ="
    "resolved" "https://registry.npmjs.org/escape-string-regexp/-/escape-string-regexp-1.0.5.tgz"
    "version" "1.0.5"
  
  "escape-string-regexp@^4.0.0":
    "integrity" "sha512-TtpcNJ3XAzx3Gq8sWRzJaVajRs0uVxA2YAkdb1jm2YkPz4G6egUFAyA3n5vtEIZefPk5Wa4UXbKuS5fKkJWdgA=="
    "resolved" "https://registry.npmjs.org/escape-string-regexp/-/escape-string-regexp-4.0.0.tgz"
    "version" "4.0.0"
  
  "extend@~3.0.2":
    "integrity" "sha512-fjquC59cD7CyW6urNXK0FBufkZcoiGG80wTuPujX590cB5Ttln20E2UB4S/WARVqhXffZl2LNgS+gQdPIIim/g=="
    "resolved" "https://registry.npmjs.org/extend/-/extend-3.0.2.tgz"
    "version" "3.0.2"
  
  "extract-zip@^1.0.3":
    "integrity" "sha512-xoh5G1W/PB0/27lXgMQyIhP5DSY/LhoCsOyZgb+6iMmRtCwVBo55uKaMoEYrDCKQhWvqEip5ZPKAc6eFNyf/MA=="
    "resolved" "https://registry.npmjs.org/extract-zip/-/extract-zip-1.7.0.tgz"
    "version" "1.7.0"
    dependencies:
      "concat-stream" "^1.6.2"
      "debug" "^2.6.9"
      "mkdirp" "^0.5.4"
      "yauzl" "^2.10.0"
  
  "extract-zip@^2.0.0":
    "integrity" "sha512-GDhU9ntwuKyGXdZBUgTIe+vXnWj0fppUEtMDL0+idd5Sta8TGpHssn/eusA9mrPr9qNDym6SxAYZjNvCn/9RBg=="
    "resolved" "https://registry.npmjs.org/extract-zip/-/extract-zip-2.0.1.tgz"
    "version" "2.0.1"
    dependencies:
      "debug" "^4.1.1"
      "get-stream" "^5.1.0"
      "yauzl" "^2.10.0"
    optionalDependencies:
      "@types/yauzl" "^2.9.1"
  
  "extsprintf@^1.2.0", "extsprintf@1.3.0":
    "integrity" "sha1-lpGEQOMEGnpBT4xS48V06zw+HgU="
    "resolved" "https://registry.npmjs.org/extsprintf/-/extsprintf-1.3.0.tgz"
    "version" "1.3.0"
  
  "fast-deep-equal@^3.1.1":
    "integrity" "sha512-f3qQ9oQy9j2AhBe/H9VC91wLmKBCCU/gDOnKNAYG5hswO7BLKj09Hc5HYNz9cGI++xlpDCIgDaitVs03ATR84Q=="
    "resolved" "https://registry.npmjs.org/fast-deep-equal/-/fast-deep-equal-3.1.3.tgz"
    "version" "3.1.3"
  
  "fast-json-stable-stringify@^2.0.0":
    "integrity" "sha512-lhd/wF+Lk98HZoTCtlVraHtfh5XYijIjalXck7saUtuanSDyLMxnHhSXEDJqHxD7msR8D0uCmqlkwjCV8xvwHw=="
    "resolved" "https://registry.npmjs.org/fast-json-stable-stringify/-/fast-json-stable-stringify-2.1.0.tgz"
    "version" "2.1.0"
  
  "fd-slicer@~1.1.0":
    "integrity" "sha1-JcfInLH5B3+IkbvmHY85Dq4lbx4="
    "resolved" "https://registry.npmjs.org/fd-slicer/-/fd-slicer-1.1.0.tgz"
    "version" "1.1.0"
    dependencies:
      "pend" "~1.2.0"
  
  "filename-reserved-regex@^2.0.0":
    "integrity" "sha1-q/c9+rc10EVECr/qLZHzieu/oik="
    "resolved" "https://registry.npmjs.org/filename-reserved-regex/-/filename-reserved-regex-2.0.0.tgz"
    "version" "2.0.0"
  
  "filenamify@^4.1.0":
    "integrity" "sha512-hcFKyUG57yWGAzu1CMt/dPzYZuv+jAJUT85bL8mrXvNe6hWj6yEHEc4EdcgiA6Z3oi1/9wXJdZPXF2dZNgwgOg=="
    "resolved" "https://registry.npmjs.org/filenamify/-/filenamify-4.3.0.tgz"
    "version" "4.3.0"
    dependencies:
      "filename-reserved-regex" "^2.0.0"
      "strip-outer" "^1.0.1"
      "trim-repeated" "^1.0.0"
  
  "find-up@^2.0.0":
    "integrity" "sha1-RdG35QbHF93UgndaK3eSCjwMV6c="
    "resolved" "https://registry.npmjs.org/find-up/-/find-up-2.1.0.tgz"
    "version" "2.1.0"
    dependencies:
      "locate-path" "^2.0.0"
  
  "find-up@^4.1.0":
    "integrity" "sha512-PpOwAdQ/YlXQ2vj8a3h8IipDuYRi3wceVQQGYWxNINccq40Anw7BlsEXCMbt1Zt+OLA6Fq9suIpIWD0OsnISlw=="
    "resolved" "https://registry.npmjs.org/find-up/-/find-up-4.1.0.tgz"
    "version" "4.1.0"
    dependencies:
      "locate-path" "^5.0.0"
      "path-exists" "^4.0.0"
  
  "flora-colossus@^1.0.0":
    "integrity" "sha512-d+9na7t9FyH8gBJoNDSi28mE4NgQVGGvxQ4aHtFRetjyh5SXjuus+V5EZaxFmFdXVemSOrx0lsgEl/ZMjnOWJA=="
    "resolved" "https://registry.npmjs.org/flora-colossus/-/flora-colossus-1.0.1.tgz"
    "version" "1.0.1"
    dependencies:
      "debug" "^4.1.1"
      "fs-extra" "^7.0.0"
  
  "follow-redirects@^1.14.7":
    "integrity" "sha512-wtphSXy7d4/OR+MvIFbCVBDzZ5520qV8XfPklSN5QtxuMUJZ+b0Wnst1e1lCDocfzuCkHqj8k0FpZqO+UIaKNA=="
    "resolved" "https://registry.npmjs.org/follow-redirects/-/follow-redirects-1.14.7.tgz"
    "version" "1.14.7"
  
  "forever-agent@~0.6.1":
    "integrity" "sha1-+8cfDEGt6zf5bFd60e1C2P2sypE="
    "resolved" "https://registry.npmjs.org/forever-agent/-/forever-agent-0.6.1.tgz"
    "version" "0.6.1"
  
  "form-data@~2.3.2":
    "integrity" "sha512-1lLKB2Mu3aGP1Q/2eCOx0fNbRMe7XdwktwOruhfqqd0rIJWwN4Dh+E3hrPSlDCXnSR7UtZ1N38rVXm+6+MEhJQ=="
    "resolved" "https://registry.npmjs.org/form-data/-/form-data-2.3.3.tgz"
    "version" "2.3.3"
    dependencies:
      "asynckit" "^0.4.0"
      "combined-stream" "^1.0.6"
      "mime-types" "^2.1.12"
  
  "fs-extra@^4.0.0":
    "integrity" "sha512-q6rbdDd1o2mAnQreO7YADIxf/Whx4AHBiRf6d+/cVT8h44ss+lHgxf1FemcqDnQt9X3ct4McHr+JMGlYSsK7Cg=="
    "resolved" "https://registry.npmjs.org/fs-extra/-/fs-extra-4.0.3.tgz"
    "version" "4.0.3"
    dependencies:
      "graceful-fs" "^4.1.2"
      "jsonfile" "^4.0.0"
      "universalify" "^0.1.0"
  
  "fs-extra@^7.0.0":
    "integrity" "sha512-YJDaCJZEnBmcbw13fvdAM9AwNOJwOzrE4pqMqBq5nFiEqXUqHwlK4B+3pUw6JNvfSPtX05xFHtYy/1ni01eGCw=="
    "resolved" "https://registry.npmjs.org/fs-extra/-/fs-extra-7.0.1.tgz"
    "version" "7.0.1"
    dependencies:
      "graceful-fs" "^4.1.2"
      "jsonfile" "^4.0.0"
      "universalify" "^0.1.0"
  
  "fs-extra@^8.1.0":
    "integrity" "sha512-yhlQgA6mnOJUKOsRUFsgJdQCvkKhcz8tlZG5HBQfReYZy46OwLcY+Zia0mtdHsOo9y/hP+CxMN0TU9QxoOtG4g=="
    "resolved" "https://registry.npmjs.org/fs-extra/-/fs-extra-8.1.0.tgz"
    "version" "8.1.0"
    dependencies:
      "graceful-fs" "^4.2.0"
      "jsonfile" "^4.0.0"
      "universalify" "^0.1.0"
  
  "fs-extra@^9.0.0":
    "integrity" "sha512-hcg3ZmepS30/7BSFqRvoo3DOMQu7IjqxO5nCDt+zM9XWjb33Wg7ziNT+Qvqbuc3+gWpzO02JubVyk2G4Zvo1OQ=="
    "resolved" "https://registry.npmjs.org/fs-extra/-/fs-extra-9.1.0.tgz"
    "version" "9.1.0"
    dependencies:
      "at-least-node" "^1.0.0"
      "graceful-fs" "^4.2.0"
      "jsonfile" "^6.0.1"
      "universalify" "^2.0.0"
  
  "fs-extra@^9.0.1":
    "integrity" "sha512-hcg3ZmepS30/7BSFqRvoo3DOMQu7IjqxO5nCDt+zM9XWjb33Wg7ziNT+Qvqbuc3+gWpzO02JubVyk2G4Zvo1OQ=="
    "resolved" "https://registry.npmjs.org/fs-extra/-/fs-extra-9.1.0.tgz"
    "version" "9.1.0"
    dependencies:
      "at-least-node" "^1.0.0"
      "graceful-fs" "^4.2.0"
      "jsonfile" "^6.0.1"
      "universalify" "^2.0.0"
  
  "fs-minipass@^1.2.7":
    "integrity" "sha512-GWSSJGFy4e9GUeCcbIkED+bgAoFyj7XF1mV8rma3QW4NIqX9Kyx79N/PF61H5udOV3aY1IaMLs6pGbH71nlCTA=="
    "resolved" "https://registry.npmjs.org/fs-minipass/-/fs-minipass-1.2.7.tgz"
    "version" "1.2.7"
    dependencies:
      "minipass" "^2.6.0"
  
  "fs.realpath@^1.0.0":
    "integrity" "sha1-FQStJSMVjKpA20onh8sBQRmU6k8="
    "resolved" "https://registry.npmjs.org/fs.realpath/-/fs.realpath-1.0.0.tgz"
    "version" "1.0.0"
  
  "fstream@^1.0.0", "fstream@^1.0.12":
    "integrity" "sha512-WvJ193OHa0GHPEL+AycEJgxvBEwyfRkN1vhjca23OaPVMCaLCXTd5qAu82AjTcgP1UJmytkOKb63Ypde7raDIg=="
    "resolved" "https://registry.npmjs.org/fstream/-/fstream-1.0.12.tgz"
    "version" "1.0.12"
    dependencies:
      "graceful-fs" "^4.1.2"
      "inherits" "~2.0.0"
      "mkdirp" ">=0.5 0"
      "rimraf" "2"
  
  "function-bind@^1.1.1":
    "integrity" "sha512-yIovAzMX49sF8Yl58fSCWJ5svSLuaibPxXQJFLmBObTuCr0Mf1KiPopGM9NiFjiYBCbfaa2Fh6breQ6ANVTI0A=="
    "resolved" "https://registry.npmjs.org/function-bind/-/function-bind-1.1.1.tgz"
    "version" "1.1.1"
  
  "galactus@^0.2.1":
    "integrity" "sha1-y+0tIKQMH1Z5o1kI4rlBVzPnjbk="
    "resolved" "https://registry.npmjs.org/galactus/-/galactus-0.2.1.tgz"
    "version" "0.2.1"
    dependencies:
      "debug" "^3.1.0"
      "flora-colossus" "^1.0.0"
      "fs-extra" "^4.0.0"
  
  "gauge@~2.7.3":
    "integrity" "sha1-LANAXHU4w51+s3sxcCLjJfsBi/c="
    "resolved" "https://registry.npmjs.org/gauge/-/gauge-2.7.4.tgz"
    "version" "2.7.4"
    dependencies:
      "aproba" "^1.0.3"
      "console-control-strings" "^1.0.0"
      "has-unicode" "^2.0.0"
      "object-assign" "^4.1.0"
      "signal-exit" "^3.0.0"
      "string-width" "^1.0.1"
      "strip-ansi" "^3.0.1"
      "wide-align" "^1.1.0"
  
  "get-caller-file@^2.0.1":
    "integrity" "sha512-DyFP3BM/3YHTQOCUL/w0OZHR0lpKeGrxotcHWcqNEdnltqFwXVfhEBQ94eIo34AfQpo0rGki4cyIiftY06h2Fg=="
    "resolved" "https://registry.npmjs.org/get-caller-file/-/get-caller-file-2.0.5.tgz"
    "version" "2.0.5"
  
  "get-package-info@^1.0.0":
    "integrity" "sha1-ZDJ5ZWPigRPNlHTbvQAFKYWkmZw="
    "resolved" "https://registry.npmjs.org/get-package-info/-/get-package-info-1.0.0.tgz"
    "version" "1.0.0"
    dependencies:
      "bluebird" "^3.1.1"
      "debug" "^2.2.0"
      "lodash.get" "^4.0.0"
      "read-pkg-up" "^2.0.0"
  
  "get-stream@^4.1.0":
    "integrity" "sha512-GMat4EJ5161kIy2HevLlr4luNjBgvmj413KaQA7jt4V8B4RDsfpHk7WQ9GVqfYyyx8OS/L66Kox+rJRNklLK7w=="
    "resolved" "https://registry.npmjs.org/get-stream/-/get-stream-4.1.0.tgz"
    "version" "4.1.0"
    dependencies:
      "pump" "^3.0.0"
  
  "get-stream@^5.1.0":
    "integrity" "sha512-nBF+F1rAZVCu/p7rjzgA+Yb4lfYXrpl7a6VmJrU8wF9I1CKvP/QwPNZHnOlwbTkY6dvtFIzFMSyQXbLoTQPRpA=="
    "resolved" "https://registry.npmjs.org/get-stream/-/get-stream-5.2.0.tgz"
    "version" "5.2.0"
    dependencies:
      "pump" "^3.0.0"
  
  "getpass@^0.1.1":
    "integrity" "sha1-Xv+OPmhNVprkyysSgmBOi6YhSfo="
    "resolved" "https://registry.npmjs.org/getpass/-/getpass-0.1.7.tgz"
    "version" "0.1.7"
    dependencies:
      "assert-plus" "^1.0.0"
  
  "glob@^7.0.3", "glob@^7.1.3", "glob@^7.1.4", "glob@^7.1.6":
    "integrity" "sha512-lmLf6gtyrPq8tTjSmrO94wBeQbFR3HbLHbuyD69wuyQkImp2hWqMGB47OX65FBkPffO641IP9jWa1z4ivqG26Q=="
    "resolved" "https://registry.npmjs.org/glob/-/glob-7.2.0.tgz"
    "version" "7.2.0"
    dependencies:
      "fs.realpath" "^1.0.0"
      "inflight" "^1.0.4"
      "inherits" "2"
      "minimatch" "^3.0.4"
      "once" "^1.3.0"
      "path-is-absolute" "^1.0.0"
  
  "global-agent@^2.0.2":
    "integrity" "sha512-+20KpaW6DDLqhG7JDiJpD1JvNvb8ts+TNl7BPOYcURqCrXqnN1Vf+XVOrkKJAFPqfX+oEhsdzOj1hLWkBTdNJg=="
    "resolved" "https://registry.npmjs.org/global-agent/-/global-agent-2.2.0.tgz"
    "version" "2.2.0"
    dependencies:
      "boolean" "^3.0.1"
      "core-js" "^3.6.5"
      "es6-error" "^4.1.1"
      "matcher" "^3.0.0"
      "roarr" "^2.15.3"
      "semver" "^7.3.2"
      "serialize-error" "^7.0.1"
  
  "global-tunnel-ng@^2.7.1":
    "integrity" "sha512-4s+DyciWBV0eK148wqXxcmVAbFVPqtc3sEtUE/GTQfuU80rySLcMhUmHKSHI7/LDj8q0gDYI1lIhRRB7ieRAqg=="
    "resolved" "https://registry.npmjs.org/global-tunnel-ng/-/global-tunnel-ng-2.7.1.tgz"
    "version" "2.7.1"
    dependencies:
      "encodeurl" "^1.0.2"
      "lodash" "^4.17.10"
      "npm-conf" "^1.1.3"
      "tunnel" "^0.0.6"
  
  "globalthis@^1.0.1":
    "integrity" "sha512-ZQnSFO1la8P7auIOQECnm0sSuoMeaSq0EEdXMBFF2QJO4uNcwbyhSgG3MruWNbFTqCLmxVwGOl7LZ9kASvHdeQ=="
    "resolved" "https://registry.npmjs.org/globalthis/-/globalthis-1.0.2.tgz"
    "version" "1.0.2"
    dependencies:
      "define-properties" "^1.1.3"
  
  "got@^9.6.0":
    "integrity" "sha512-R7eWptXuGYxwijs0eV+v3o6+XH1IqVK8dJOEecQfTmkncw9AV4dcw/Dhxi8MdlqPthxxpZyizMzyg8RTmEsG+Q=="
    "resolved" "https://registry.npmjs.org/got/-/got-9.6.0.tgz"
    "version" "9.6.0"
    dependencies:
      "@sindresorhus/is" "^0.14.0"
      "@szmarczak/http-timer" "^1.1.2"
      "cacheable-request" "^6.0.0"
      "decompress-response" "^3.3.0"
      "duplexer3" "^0.1.4"
      "get-stream" "^4.1.0"
      "lowercase-keys" "^1.0.1"
      "mimic-response" "^1.0.1"
      "p-cancelable" "^1.0.0"
      "to-readable-stream" "^1.0.0"
      "url-parse-lax" "^3.0.0"
  
  "graceful-fs@^4.1.2", "graceful-fs@^4.1.6", "graceful-fs@^4.2.0":
    "integrity" "sha512-qkIilPUYcNhJpd33n0GBXTB1MMPp14TxEsEs0pTrsSVucApsYzW5V+Q8Qxhik6KU3evy+qkAAowTByymK0avdg=="
    "resolved" "https://registry.npmjs.org/graceful-fs/-/graceful-fs-4.2.8.tgz"
    "version" "4.2.8"
  
  "har-schema@^2.0.0":
    "integrity" "sha1-qUwiJOvKwEeCoNkDVSHyRzW37JI="
    "resolved" "https://registry.npmjs.org/har-schema/-/har-schema-2.0.0.tgz"
    "version" "2.0.0"
  
  "har-validator@~5.1.3":
    "integrity" "sha512-nmT2T0lljbxdQZfspsno9hgrG3Uir6Ks5afism62poxqBM6sDnMEuPmzTq8XN0OEwqKLLdh1jQI3qyE66Nzb3w=="
    "resolved" "https://registry.npmjs.org/har-validator/-/har-validator-5.1.5.tgz"
    "version" "5.1.5"
    dependencies:
      "ajv" "^6.12.3"
      "har-schema" "^2.0.0"
  
  "has-unicode@^2.0.0":
    "integrity" "sha1-4Ob+aijPUROIVeCG0Wkedx3iqLk="
    "resolved" "https://registry.npmjs.org/has-unicode/-/has-unicode-2.0.1.tgz"
    "version" "2.0.1"
  
  "has@^1.0.3":
    "integrity" "sha512-f2dvO0VU6Oej7RkWJGrehjbzMAjFp5/VKPp5tTpWIV4JHHZK1/BxbFRtf/siA2SWTe09caDmVtYYzWEIbBS4zw=="
    "resolved" "https://registry.npmjs.org/has/-/has-1.0.3.tgz"
    "version" "1.0.3"
    dependencies:
      "function-bind" "^1.1.1"
  
  "hosted-git-info@^2.1.4":
    "integrity" "sha512-mxIDAb9Lsm6DoOJ7xH+5+X4y1LU/4Hi50L9C5sIswK3JzULS4bwk1FvjdBgvYR4bzT4tuUQiC15FE2f5HbLvYw=="
    "resolved" "https://registry.npmjs.org/hosted-git-info/-/hosted-git-info-2.8.9.tgz"
    "version" "2.8.9"
  
  "http-cache-semantics@^4.0.0":
    "integrity" "sha512-carPklcUh7ROWRK7Cv27RPtdhYhUsela/ue5/jKzjegVvXDqM2ILE9Q2BGn9JZJh1g87cp56su/FgQSzcWS8cQ=="
    "resolved" "https://registry.npmjs.org/http-cache-semantics/-/http-cache-semantics-4.1.0.tgz"
    "version" "4.1.0"
  
  "http-signature@~1.2.0":
    "integrity" "sha1-muzZJRFHcvPZW2WmCruPfBj7rOE="
    "resolved" "https://registry.npmjs.org/http-signature/-/http-signature-1.2.0.tgz"
    "version" "1.2.0"
    dependencies:
      "assert-plus" "^1.0.0"
      "jsprim" "^1.2.2"
      "sshpk" "^1.7.0"
  
  "iconv-lite@^0.4.4":
    "integrity" "sha512-v3MXnZAcvnywkTUEZomIActle7RXXeedOR31wwl7VlyoXO4Qi9arvSenNQWne1TcRwhCL1HwLI21bEqdpj8/rA=="
    "resolved" "https://registry.npmjs.org/iconv-lite/-/iconv-lite-0.4.24.tgz"
    "version" "0.4.24"
    dependencies:
      "safer-buffer" ">= 2.1.2 < 3"
  
  "ignore-walk@^3.0.1":
    "integrity" "sha512-PY6Ii8o1jMRA1z4F2hRkH/xN59ox43DavKvD3oDpfurRlOJyAHpifIwpbdv1n4jt4ov0jSpw3kQ4GhJnpBL6WQ=="
    "resolved" "https://registry.npmjs.org/ignore-walk/-/ignore-walk-3.0.4.tgz"
    "version" "3.0.4"
    dependencies:
      "minimatch" "^3.0.4"
  
  "inflight@^1.0.4":
    "integrity" "sha1-Sb1jMdfQLQwJvJEKEHW6gWW1bfk="
    "resolved" "https://registry.npmjs.org/inflight/-/inflight-1.0.6.tgz"
    "version" "1.0.6"
    dependencies:
      "once" "^1.3.0"
      "wrappy" "1"
  
  "inherits@^2.0.3", "inherits@~2.0.0", "inherits@~2.0.3", "inherits@2":
    "integrity" "sha512-k/vGaX4/Yla3WzyMCvTQOXYeIHvqOKtnqBduzTHpzpQZzAskKMhZ2K+EnBiSM9zGSoIFeMpXKxa4dYeZIQqewQ=="
    "resolved" "https://registry.npmjs.org/inherits/-/inherits-2.0.4.tgz"
    "version" "2.0.4"
  
  "ini@^1.3.4", "ini@~1.3.0":
    "integrity" "sha512-JV/yugV2uzW5iMRSiZAyDtQd+nxtUnjeLt0acNdw98kKLrvuRVyB80tsREOE7yvGVgalhZ6RNXCmEHkUKBKxew=="
    "resolved" "https://registry.npmjs.org/ini/-/ini-1.3.8.tgz"
    "version" "1.3.8"
  
  "is-arrayish@^0.2.1":
    "integrity" "sha1-d8mYQFJ6qOyxqLppe4BkWnqSap0="
    "resolved" "https://registry.npmjs.org/is-arrayish/-/is-arrayish-0.2.1.tgz"
    "version" "0.2.1"
  
  "is-core-module@^2.2.0":
    "integrity" "sha512-ByY+tjCciCr+9nLryBYcSD50EOGWt95c7tIsKTG1J2ixKKXPvF7Ej3AVd+UfDydAJom3biBGDBALaO79ktwgEQ=="
    "resolved" "https://registry.npmjs.org/is-core-module/-/is-core-module-2.7.0.tgz"
    "version" "2.7.0"
    dependencies:
      "has" "^1.0.3"
  
  "is-docker@^2.0.0":
    "integrity" "sha512-F+i2BKsFrH66iaUFc0woD8sLy8getkwTwtOBjvs56Cx4CgJDeKQeqfz8wAYiSb8JOprWhHH5p77PbmYCvvUuXQ=="
    "resolved" "https://registry.npmjs.org/is-docker/-/is-docker-2.2.1.tgz"
    "version" "2.2.1"
  
  "is-fullwidth-code-point@^1.0.0":
    "integrity" "sha1-754xOG8DGn8NZDr4L95QxFfvAMs="
    "resolved" "https://registry.npmjs.org/is-fullwidth-code-point/-/is-fullwidth-code-point-1.0.0.tgz"
    "version" "1.0.0"
    dependencies:
      "number-is-nan" "^1.0.0"
  
  "is-fullwidth-code-point@^3.0.0":
    "integrity" "sha512-zymm5+u+sCsSWyD9qNaejV3DFvhCKclKdizYaJUuHA83RLjb7nSuGnddCHGv0hk+KY7BMAlsWeK4Ueg6EV6XQg=="
    "resolved" "https://registry.npmjs.org/is-fullwidth-code-point/-/is-fullwidth-code-point-3.0.0.tgz"
    "version" "3.0.0"
  
  "is-typedarray@~1.0.0":
    "integrity" "sha1-5HnICFjfDBsR3dppQPlgEfzaSpo="
    "resolved" "https://registry.npmjs.org/is-typedarray/-/is-typedarray-1.0.0.tgz"
    "version" "1.0.0"
  
  "is-wsl@^2.2.0":
    "integrity" "sha512-fKzAra0rGJUUBwGBgNkHZuToZcn+TtXHpeCgmkMJMMYx1sQDYaCSyjJBSCa2nH1DGm7s3n1oBnohoVTBaN7Lww=="
    "resolved" "https://registry.npmjs.org/is-wsl/-/is-wsl-2.2.0.tgz"
    "version" "2.2.0"
    dependencies:
      "is-docker" "^2.0.0"
  
  "isarray@~1.0.0":
    "integrity" "sha1-u5NdSFgsuhaMBoNJV6VKPgcSTxE="
    "resolved" "https://registry.npmjs.org/isarray/-/isarray-1.0.0.tgz"
    "version" "1.0.0"
  
  "isbinaryfile@^3.0.2":
    "integrity" "sha512-8cJBL5tTd2OS0dM4jz07wQd5g0dCCqIhUxPIGtZfa5L6hWlvV5MHTITy/DBAsF+Oe2LS1X3krBUhNwaGUWpWxw=="
    "resolved" "https://registry.npmjs.org/isbinaryfile/-/isbinaryfile-3.0.3.tgz"
    "version" "3.0.3"
    dependencies:
      "buffer-alloc" "^1.2.0"
  
  "isexe@^2.0.0":
    "integrity" "sha1-6PvzdNxVb/iUehDcsFctYz8s+hA="
    "resolved" "https://registry.npmjs.org/isexe/-/isexe-2.0.0.tgz"
    "version" "2.0.0"
  
  "isstream@~0.1.2":
    "integrity" "sha1-R+Y/evVa+m+S4VAOaQ64uFKcCZo="
    "resolved" "https://registry.npmjs.org/isstream/-/isstream-0.1.2.tgz"
    "version" "0.1.2"
  
  "jquery@^3.6.0":
    "integrity" "sha512-JVzAR/AjBvVt2BmYhxRCSYysDsPcssdmTFnzyLEts9qNwmjmu4JTAMYubEfwVOSwpQ1I1sKKFcxhZCI2buerfw=="
    "resolved" "https://registry.npmjs.org/jquery/-/jquery-3.6.0.tgz"
    "version" "3.6.0"
  
  "jsbn@~0.1.0":
    "integrity" "sha1-peZUwuWi3rXyAdls77yoDA7y9RM="
    "resolved" "https://registry.npmjs.org/jsbn/-/jsbn-0.1.1.tgz"
    "version" "0.1.1"
  
  "json-buffer@3.0.0":
    "integrity" "sha1-Wx85evx11ne96Lz8Dkfh+aPZqJg="
    "resolved" "https://registry.npmjs.org/json-buffer/-/json-buffer-3.0.0.tgz"
    "version" "3.0.0"
  
  "json-schema-traverse@^0.4.1":
    "integrity" "sha512-xbbCH5dCYU5T8LcEhhuh7HJ88HXuW3qsI3Y0zOZFKfZEHcpWiHU/Jxzk629Brsab/mMiHQti9wMP+845RPe3Vg=="
    "resolved" "https://registry.npmjs.org/json-schema-traverse/-/json-schema-traverse-0.4.1.tgz"
    "version" "0.4.1"
  
  "json-schema@0.2.3":
    "integrity" "sha1-tIDIkuWaLwWVTOcnvT8qTogvnhM="
    "resolved" "https://registry.npmjs.org/json-schema/-/json-schema-0.4.0.tgz"
    "version" "0.4.0"
  
  "json-stringify-safe@^5.0.1", "json-stringify-safe@~5.0.1":
    "integrity" "sha1-Epai1Y/UXxmg9s4B1lcB4sc1tus="
    "resolved" "https://registry.npmjs.org/json-stringify-safe/-/json-stringify-safe-5.0.1.tgz"
    "version" "5.0.1"
  
  "jsonfile@^4.0.0":
    "integrity" "sha1-h3Gq4HmbZAdrdmQPygWPnBDjPss="
    "resolved" "https://registry.npmjs.org/jsonfile/-/jsonfile-4.0.0.tgz"
    "version" "4.0.0"
    optionalDependencies:
      "graceful-fs" "^4.1.6"
  
  "jsonfile@^6.0.1":
    "integrity" "sha512-5dgndWOriYSm5cnYaJNhalLNDKOqFwyDB/rr1E9ZsGciGvKPs8R2xYGCacuf3z6K1YKDz182fd+fY3cn3pMqXQ=="
    "resolved" "https://registry.npmjs.org/jsonfile/-/jsonfile-6.1.0.tgz"
    "version" "6.1.0"
    dependencies:
      "universalify" "^2.0.0"
    optionalDependencies:
      "graceful-fs" "^4.1.6"
  
  "jsprim@^1.2.2":
    "integrity" "sha1-MT5mvB5cwG5Di8G3SZwuXFastqI="
    "resolved" "https://registry.npmjs.org/jsprim/-/jsprim-1.4.1.tgz"
    "version" "1.4.1"
    dependencies:
      "assert-plus" "1.0.0"
      "extsprintf" "1.3.0"
      "json-schema" "0.2.3"
      "verror" "1.10.0"
  
  "junk@^3.1.0":
    "integrity" "sha512-pBxcB3LFc8QVgdggvZWyeys+hnrNWg4OcZIU/1X59k5jQdLBlCsYGRQaz234SqoRLTCgMH00fY0xRJH+F9METQ=="
    "resolved" "https://registry.npmjs.org/junk/-/junk-3.1.0.tgz"
    "version" "3.1.0"
  
  "keyv@^3.0.0":
    "integrity" "sha512-9ykJ/46SN/9KPM/sichzQ7OvXyGDYKGTaDlKMGCAlg2UK8KRy4jb0d8sFc+0Tt0YYnThq8X2RZgCg74RPxgcVA=="
    "resolved" "https://registry.npmjs.org/keyv/-/keyv-3.1.0.tgz"
    "version" "3.1.0"
    dependencies:
      "json-buffer" "3.0.0"
  
  "load-json-file@^2.0.0":
    "integrity" "sha1-eUfkIUmvgNaWy/eXvKq8/h/inKg="
    "resolved" "https://registry.npmjs.org/load-json-file/-/load-json-file-2.0.0.tgz"
    "version" "2.0.0"
    dependencies:
      "graceful-fs" "^4.1.2"
      "parse-json" "^2.2.0"
      "pify" "^2.0.0"
      "strip-bom" "^3.0.0"
  
  "locate-path@^2.0.0":
    "integrity" "sha1-K1aLJl7slExtnA3pw9u7ygNUzY4="
    "resolved" "https://registry.npmjs.org/locate-path/-/locate-path-2.0.0.tgz"
    "version" "2.0.0"
    dependencies:
      "p-locate" "^2.0.0"
      "path-exists" "^3.0.0"
  
  "locate-path@^5.0.0":
    "integrity" "sha512-t7hw9pI+WvuwNJXwk5zVHpyhIqzg2qTlklJOf0mVxGSbe3Fp2VieZcduNYjaLDoy6p9uGpQEGWG87WpMKlNq8g=="
    "resolved" "https://registry.npmjs.org/locate-path/-/locate-path-5.0.0.tgz"
    "version" "5.0.0"
    dependencies:
      "p-locate" "^4.1.0"
  
  "lodash.get@^4.0.0":
    "integrity" "sha1-LRd/ZS+jHpObRDjVNBSZ36OCXpk="
    "resolved" "https://registry.npmjs.org/lodash.get/-/lodash.get-4.4.2.tgz"
    "version" "4.4.2"
  
  "lodash@^4.17.10", "lodash@^4.17.15":
    "integrity" "sha512-v2kDEe57lecTulaDIuNTPy3Ry4gLGJ6Z1O3vE1krgXZNrsQ+LFTGHVxVjcXPs17LhbZVGedAJv8XZ1tvj5FvSg=="
    "resolved" "https://registry.npmjs.org/lodash/-/lodash-4.17.21.tgz"
    "version" "4.17.21"
  
  "lowercase-keys@^1.0.0", "lowercase-keys@^1.0.1":
    "integrity" "sha512-G2Lj61tXDnVFFOi8VZds+SoQjtQC3dgokKdDG2mTm1tx4m50NUHBOZSBwQQHyy0V12A0JTG4icfZQH+xPyh8VA=="
    "resolved" "https://registry.npmjs.org/lowercase-keys/-/lowercase-keys-1.0.1.tgz"
    "version" "1.0.1"
  
  "lowercase-keys@^2.0.0":
    "integrity" "sha512-tqNXrS78oMOE73NMxK4EMLQsQowWf8jKooH9g7xPavRT706R6bkQJ6DY2Te7QukaZsulxa30wQ7bk0pm4XiHmA=="
    "resolved" "https://registry.npmjs.org/lowercase-keys/-/lowercase-keys-2.0.0.tgz"
    "version" "2.0.0"
  
  "lru-cache@^6.0.0":
    "integrity" "sha512-Jo6dJ04CmSjuznwJSS3pUeWmd/H0ffTlkXXgwZi+eq1UCmqQwCh+eLsYOYCwY991i2Fah4h1BEMCx4qThGbsiA=="
    "resolved" "https://registry.npmjs.org/lru-cache/-/lru-cache-6.0.0.tgz"
    "version" "6.0.0"
    dependencies:
      "yallist" "^4.0.0"
  
  "matcher@^3.0.0":
    "integrity" "sha512-OkeDaAZ/bQCxeFAozM55PKcKU0yJMPGifLwV4Qgjitu+5MoAfSQN4lsLJeXZ1b8w0x+/Emda6MZgXS1jvsapng=="
    "resolved" "https://registry.npmjs.org/matcher/-/matcher-3.0.0.tgz"
    "version" "3.0.0"
    dependencies:
      "escape-string-regexp" "^4.0.0"
  
  "mime-db@1.49.0":
    "integrity" "sha512-CIc8j9URtOVApSFCQIF+VBkX1RwXp/oMMOrqdyXSBXq5RWNEsRfyj1kiRnQgmNXmHxPoFIxOroKA3zcU9P+nAA=="
    "resolved" "https://registry.npmjs.org/mime-db/-/mime-db-1.49.0.tgz"
    "version" "1.49.0"
  
  "mime-types@^2.1.12", "mime-types@~2.1.19":
    "integrity" "sha512-hJGaVS4G4c9TSMYh2n6SQAGrC4RnfU+daP8G7cSCmaqNjiOoUY0VHCMS42pxnQmVF1GWwFhbHWn3RIxCqTmZ9A=="
    "resolved" "https://registry.npmjs.org/mime-types/-/mime-types-2.1.32.tgz"
    "version" "2.1.32"
    dependencies:
      "mime-db" "1.49.0"
  
  "mimic-response@^1.0.0", "mimic-response@^1.0.1":
    "integrity" "sha512-j5EctnkH7amfV/q5Hgmoal1g2QHFJRraOtmx0JpIqkxhBhI/lJSl1nMpQ45hVarwNETOoWEimndZ4QK0RHxuxQ=="
    "resolved" "https://registry.npmjs.org/mimic-response/-/mimic-response-1.0.1.tgz"
    "version" "1.0.1"
  
  "minimatch@^3.0.4":
    "integrity" "sha512-yJHVQEhyqPLUTgt9B83PXu6W3rx4MvvHvSUvToogpwoGDOUQ+yDrR0HRot+yOCdCO7u4hX3pWft6kWBBcqh0UA=="
    "resolved" "https://registry.npmjs.org/minimatch/-/minimatch-3.0.4.tgz"
    "version" "3.0.4"
    dependencies:
      "brace-expansion" "^1.1.7"
  
  "minimist@^1.2.0", "minimist@^1.2.5":
    "integrity" "sha512-FM9nNUYrRBAELZQT3xeZQ7fmMOBg6nWNmJKTcgsJeaLstP/UODVpGsr5OhXhhXg6f+qtJ8uiZ+PUxkDWcgIXLw=="
    "resolved" "https://registry.npmjs.org/minimist/-/minimist-1.2.5.tgz"
    "version" "1.2.5"
  
  "minipass@^2.6.0", "minipass@^2.9.0":
    "integrity" "sha512-wxfUjg9WebH+CUDX/CdbRlh5SmfZiy/hpkxaRI16Y9W56Pa75sWgd/rvFilSgrauD9NyFymP/+JFV3KwzIsJeg=="
    "resolved" "https://registry.npmjs.org/minipass/-/minipass-2.9.0.tgz"
    "version" "2.9.0"
    dependencies:
      "safe-buffer" "^5.1.2"
      "yallist" "^3.0.0"
  
  "minizlib@^1.3.3":
    "integrity" "sha512-6ZYMOEnmVsdCeTJVE0W9ZD+pVnE8h9Hma/iOwwRDsdQoePpoX56/8B6z3P9VNwppJuBKNRuFDRNRqRWexT9G9Q=="
    "resolved" "https://registry.npmjs.org/minizlib/-/minizlib-1.3.3.tgz"
    "version" "1.3.3"
    dependencies:
      "minipass" "^2.9.0"
  
  "mkdirp@^0.5.0", "mkdirp@^0.5.1", "mkdirp@^0.5.4", "mkdirp@^0.5.5", "mkdirp@>=0.5 0":
    "integrity" "sha512-NKmAlESf6jMGym1++R0Ra7wvhV+wFW63FaSOFPwRahvea0gMUcGUhVeAg/0BC0wiv9ih5NYPB1Wn1UEI1/L+xQ=="
    "resolved" "https://registry.npmjs.org/mkdirp/-/mkdirp-0.5.5.tgz"
    "version" "0.5.5"
    dependencies:
      "minimist" "^1.2.5"
  
  "ms@^2.1.1", "ms@2.1.2":
    "integrity" "sha512-sGkPx+VjMtmA6MX27oA4FBFELFCZZ4S4XqeGOXCv68tT+jb3vk/RyaKWP0PTKyWtmLSM0b+adUTEvbs1PEaH2w=="
    "resolved" "https://registry.npmjs.org/ms/-/ms-2.1.2.tgz"
    "version" "2.1.2"
  
  "ms@2.0.0":
    "integrity" "sha1-VgiurfwAvmwpAd9fmGF4jeDVl8g="
    "resolved" "https://registry.npmjs.org/ms/-/ms-2.0.0.tgz"
    "version" "2.0.0"
  
  "needle@^2.2.1":
    "integrity" "sha512-6R9fqJ5Zcmf+uYaFgdIHmLwNldn5HbK8L5ybn7Uz+ylX/rnOsSp1AHcvQSrCaFN+qNM1wpymHqD7mVasEOlHGQ=="
    "resolved" "https://registry.npmjs.org/needle/-/needle-2.9.1.tgz"
    "version" "2.9.1"
    dependencies:
      "debug" "^3.2.6"
      "iconv-lite" "^0.4.4"
      "sax" "^1.2.4"
  
  "node-addon-api@^3.0.0":
    "integrity" "sha512-mmcei9JghVNDYydghQmeDX8KoAm0FAiYyIcUt/N4nhyAipB17pllZQDOJD2fotxABnt4Mdz+dKTO7eftLg4d0A=="
    "resolved" "https://registry.npmjs.org/node-addon-api/-/node-addon-api-3.2.1.tgz"
    "version" "3.2.1"
  
  "node-gyp@3.x":
    "integrity" "sha512-3g8lYefrRRzvGeSowdJKAKyks8oUpLEd/DyPV4eMhVlhJ0aNaZqIrNUIPuEWWTAoPqyFkfGrM67MC69baqn6vA=="
    "resolved" "https://registry.npmjs.org/node-gyp/-/node-gyp-3.8.0.tgz"
    "version" "3.8.0"
    dependencies:
      "fstream" "^1.0.0"
      "glob" "^7.0.3"
      "graceful-fs" "^4.1.2"
      "mkdirp" "^0.5.0"
      "nopt" "2 || 3"
      "npmlog" "0 || 1 || 2 || 3 || 4"
      "osenv" "0"
      "request" "^2.87.0"
      "rimraf" "2"
      "semver" "~5.3.0"
      "tar" "^4.4.18"
      "which" "1"
  
  "node-pre-gyp@^0.11.0":
    "integrity" "sha512-TwWAOZb0j7e9eGaf9esRx3ZcLaE5tQ2lvYy1pb5IAaG1a2e2Kv5Lms1Y4hpj+ciXJRofIxxlt5haeQ/2ANeE0Q=="
    "resolved" "https://registry.npmjs.org/node-pre-gyp/-/node-pre-gyp-0.11.0.tgz"
    "version" "0.11.0"
    dependencies:
      "detect-libc" "^1.0.2"
      "mkdirp" "^0.5.1"
      "needle" "^2.2.1"
      "nopt" "^4.0.1"
      "npm-packlist" "^1.1.6"
      "npmlog" "^4.0.2"
      "rc" "^1.2.7"
      "rimraf" "^2.6.1"
      "semver" "^5.3.0"
      "tar" "^4.4.18"
  
  "nopt@^4.0.1":
    "integrity" "sha512-CvaGwVMztSMJLOeXPrez7fyfObdZqNUK1cPAEzLHrTybIua9pMdmmPR5YwtfNftIOMv3DPUhFaxsZMNTQO20Kg=="
    "resolved" "https://registry.npmjs.org/nopt/-/nopt-4.0.3.tgz"
    "version" "4.0.3"
    dependencies:
      "abbrev" "1"
      "osenv" "^0.1.4"
  
  "nopt@2 || 3":
    "integrity" "sha1-xkZdvwirzU2zWTF/eaxopkayj/k="
    "resolved" "https://registry.npmjs.org/nopt/-/nopt-3.0.6.tgz"
    "version" "3.0.6"
    dependencies:
      "abbrev" "1"
  
  "normalize-package-data@^2.3.2":
    "integrity" "sha512-/5CMN3T0R4XTj4DcGaexo+roZSdSFW/0AOOTROrjxzCG1wrWXEsGbRKevjlIL+ZDE4sZlJr5ED4YW0yqmkK+eA=="
    "resolved" "https://registry.npmjs.org/normalize-package-data/-/normalize-package-data-2.5.0.tgz"
    "version" "2.5.0"
    dependencies:
      "hosted-git-info" "^2.1.4"
      "resolve" "^1.10.0"
      "semver" "2 || 3 || 4 || 5"
      "validate-npm-package-license" "^3.0.1"
  
  "normalize-url@^4.1.0":
    "integrity" "sha512-9UZCFRHQdNrfTpGg8+1INIg93B6zE0aXMVFkw1WFwvO4SlZywU6aLg5Of0Ap/PgcbSw4LNxvMWXMeugwMCX0AA=="
    "resolved" "https://registry.npmjs.org/normalize-url/-/normalize-url-4.5.1.tgz"
    "version" "4.5.1"
  
  "npm-bundled@^1.0.1":
    "integrity" "sha512-x5DHup0SuyQcmL3s7Rx/YQ8sbw/Hzg0rj48eN0dV7hf5cmQq5PXIeioroH3raV1QC1yh3uTYuMThvEQF3iKgGQ=="
    "resolved" "https://registry.npmjs.org/npm-bundled/-/npm-bundled-1.1.2.tgz"
    "version" "1.1.2"
    dependencies:
      "npm-normalize-package-bin" "^1.0.1"
  
  "npm-conf@^1.1.3":
    "integrity" "sha512-Yic4bZHJOt9RCFbRP3GgpqhScOY4HH3V2P8yBj6CeYq118Qr+BLXqT2JvpJ00mryLESpgOxf5XlFv4ZjXxLScw=="
    "resolved" "https://registry.npmjs.org/npm-conf/-/npm-conf-1.1.3.tgz"
    "version" "1.1.3"
    dependencies:
      "config-chain" "^1.1.11"
      "pify" "^3.0.0"
  
  "npm-normalize-package-bin@^1.0.1":
    "integrity" "sha512-EPfafl6JL5/rU+ot6P3gRSCpPDW5VmIzX959Ob1+ySFUuuYHWHekXpwdUZcKP5C+DS4GEtdJluwBjnsNDl+fSA=="
    "resolved" "https://registry.npmjs.org/npm-normalize-package-bin/-/npm-normalize-package-bin-1.0.1.tgz"
    "version" "1.0.1"
  
  "npm-packlist@^1.1.6":
    "integrity" "sha512-5+AZgwru5IevF5ZdnFglB5wNlHG1AOOuw28WhUq8/8emhBmLv6jX5by4WJCh7lW0uSYZYS6DXqIsyZVIXRZU9A=="
    "resolved" "https://registry.npmjs.org/npm-packlist/-/npm-packlist-1.4.8.tgz"
    "version" "1.4.8"
    dependencies:
      "ignore-walk" "^3.0.1"
      "npm-bundled" "^1.0.1"
      "npm-normalize-package-bin" "^1.0.1"
  
  "npmlog@^4.0.2", "npmlog@0 || 1 || 2 || 3 || 4":
    "integrity" "sha512-2uUqazuKlTaSI/dC8AzicUck7+IrEaOnN/e0jd3Xtt1KcGpwx30v50mL7oPyr/h9bL3E4aZccVwpwP+5W9Vjkg=="
    "resolved" "https://registry.npmjs.org/npmlog/-/npmlog-4.1.2.tgz"
    "version" "4.1.2"
    dependencies:
      "are-we-there-yet" "~1.1.2"
      "console-control-strings" "~1.1.0"
      "gauge" "~2.7.3"
      "set-blocking" "~2.0.0"
  
  "number-is-nan@^1.0.0":
    "integrity" "sha1-CXtgK1NCKlIsGvuHkDGDNpQaAR0="
    "resolved" "https://registry.npmjs.org/number-is-nan/-/number-is-nan-1.0.1.tgz"
    "version" "1.0.1"
  
  "oauth-sign@~0.9.0":
    "integrity" "sha512-fexhUFFPTGV8ybAtSIGbV6gOkSv8UtRbDBnAyLQw4QPKkgNlsH2ByPGtMUqdWkos6YCRmAqViwgZrJc/mRDzZQ=="
    "resolved" "https://registry.npmjs.org/oauth-sign/-/oauth-sign-0.9.0.tgz"
    "version" "0.9.0"
  
  "object-assign@^4.1.0":
    "integrity" "sha1-IQmtx5ZYh8/AXLvUQsrIv7s2CGM="
    "resolved" "https://registry.npmjs.org/object-assign/-/object-assign-4.1.1.tgz"
    "version" "4.1.1"
  
  "object-keys@^1.0.12":
    "integrity" "sha512-NuAESUOUMrlIXOfHKzD6bpPu3tYt3xvjNdRIQ+FeT0lNb4K8WR70CaDxhuNguS2XG+GjkyMwOzsN5ZktImfhLA=="
    "resolved" "https://registry.npmjs.org/object-keys/-/object-keys-1.1.1.tgz"
    "version" "1.1.1"
  
  "once@^1.3.0", "once@^1.3.1", "once@^1.4.0":
    "integrity" "sha1-WDsap3WWHUsROsF9nFC6753Xa9E="
    "resolved" "https://registry.npmjs.org/once/-/once-1.4.0.tgz"
    "version" "1.4.0"
    dependencies:
      "wrappy" "1"
  
  "os-homedir@^1.0.0":
    "integrity" "sha1-/7xJiDNuDoM94MFox+8VISGqf7M="
    "resolved" "https://registry.npmjs.org/os-homedir/-/os-homedir-1.0.2.tgz"
    "version" "1.0.2"
  
  "os-tmpdir@^1.0.0":
    "integrity" "sha1-u+Z0BseaqFxc/sdm/lc0VV36EnQ="
    "resolved" "https://registry.npmjs.org/os-tmpdir/-/os-tmpdir-1.0.2.tgz"
    "version" "1.0.2"
  
  "osenv@^0.1.4", "osenv@0":
    "integrity" "sha512-0CWcCECdMVc2Rw3U5w9ZjqX6ga6ubk1xDVKxtBQPK7wis/0F2r9T6k4ydGYhecl7YUBxBVxhL5oisPsNxAPe2g=="
    "resolved" "https://registry.npmjs.org/osenv/-/osenv-0.1.5.tgz"
    "version" "0.1.5"
    dependencies:
      "os-homedir" "^1.0.0"
      "os-tmpdir" "^1.0.0"
  
  "p-cancelable@^1.0.0":
    "integrity" "sha512-s73XxOZ4zpt1edZYZzvhqFa6uvQc1vwUa0K0BdtIZgQMAJj9IbebH+JkgKZc9h+B05PKHLOTl4ajG1BmNrVZlw=="
    "resolved" "https://registry.npmjs.org/p-cancelable/-/p-cancelable-1.1.0.tgz"
    "version" "1.1.0"
  
  "p-limit@^1.1.0":
    "integrity" "sha512-vvcXsLAJ9Dr5rQOPk7toZQZJApBl2K4J6dANSsEuh6QI41JYcsS/qhTGa9ErIUUgK3WNQoJYvylxvjqmiqEA9Q=="
    "resolved" "https://registry.npmjs.org/p-limit/-/p-limit-1.3.0.tgz"
    "version" "1.3.0"
    dependencies:
      "p-try" "^1.0.0"
  
  "p-limit@^2.2.0":
    "integrity" "sha512-//88mFWSJx8lxCzwdAABTJL2MyWB12+eIY7MDL2SqLmAkeKU9qxRvWuSyTjm3FUmpBEMuFfckAIqEaVGUDxb6w=="
    "resolved" "https://registry.npmjs.org/p-limit/-/p-limit-2.3.0.tgz"
    "version" "2.3.0"
    dependencies:
      "p-try" "^2.0.0"
  
  "p-locate@^2.0.0":
    "integrity" "sha1-IKAQOyIqcMj9OcwuWAaA893l7EM="
    "resolved" "https://registry.npmjs.org/p-locate/-/p-locate-2.0.0.tgz"
    "version" "2.0.0"
    dependencies:
      "p-limit" "^1.1.0"
  
  "p-locate@^4.1.0":
    "integrity" "sha512-R79ZZ/0wAxKGu3oYMlz8jy/kbhsNrS7SKZ7PxEHBgJ5+F2mtFW2fK2cOtBh1cHYkQsbzFV7I+EoRKe6Yt0oK7A=="
    "resolved" "https://registry.npmjs.org/p-locate/-/p-locate-4.1.0.tgz"
    "version" "4.1.0"
    dependencies:
      "p-limit" "^2.2.0"
  
  "p-try@^1.0.0":
    "integrity" "sha1-y8ec26+P1CKOE/Yh8rGiN8GyB7M="
    "resolved" "https://registry.npmjs.org/p-try/-/p-try-1.0.0.tgz"
    "version" "1.0.0"
  
  "p-try@^2.0.0":
    "integrity" "sha512-R4nPAVTAU0B9D35/Gk3uJf/7XYbQcyohSKdvAxIRSNghFl4e71hVoGnBNQz9cWaXxO2I10KTC+3jMdvvoKw6dQ=="
    "resolved" "https://registry.npmjs.org/p-try/-/p-try-2.2.0.tgz"
    "version" "2.2.0"
  
  "parse-author@^2.0.0":
    "integrity" "sha1-00YL8d3Q367tQtp1QkLmX7aEqB8="
    "resolved" "https://registry.npmjs.org/parse-author/-/parse-author-2.0.0.tgz"
    "version" "2.0.0"
    dependencies:
      "author-regex" "^1.0.0"
  
  "parse-json@^2.2.0":
    "integrity" "sha1-9ID0BDTvgHQfhGkJn43qGPVaTck="
    "resolved" "https://registry.npmjs.org/parse-json/-/parse-json-2.2.0.tgz"
    "version" "2.2.0"
    dependencies:
      "error-ex" "^1.2.0"
  
  "path-exists@^3.0.0":
    "integrity" "sha1-zg6+ql94yxiSXqfYENe1mwEP1RU="
    "resolved" "https://registry.npmjs.org/path-exists/-/path-exists-3.0.0.tgz"
    "version" "3.0.0"
  
  "path-exists@^4.0.0":
    "integrity" "sha512-ak9Qy5Q7jYb2Wwcey5Fpvg2KoAc/ZIhLSLOSBmRmygPsGwkVVt0fZa0qrtMz+m6tJTAHfZQ8FnmB4MG4LWy7/w=="
    "resolved" "https://registry.npmjs.org/path-exists/-/path-exists-4.0.0.tgz"
    "version" "4.0.0"
  
  "path-is-absolute@^1.0.0":
    "integrity" "sha1-F0uSaHNVNP+8es5r9TpanhtcX18="
    "resolved" "https://registry.npmjs.org/path-is-absolute/-/path-is-absolute-1.0.1.tgz"
    "version" "1.0.1"
  
  "path-key@^3.1.0":
    "integrity" "sha512-ojmeN0qd+y0jszEtoY48r0Peq5dwMEkIlCOu6Q5f41lfkswXuKtYrhgoTpLnyIcHm24Uhqx+5Tqm2InSwLhE6Q=="
    "resolved" "https://registry.npmjs.org/path-key/-/path-key-3.1.1.tgz"
    "version" "3.1.1"
  
  "path-parse@^1.0.6":
    "integrity" "sha512-LDJzPVEEEPR+y48z93A0Ed0yXb8pAByGWo/k5YYdYgpY2/2EsOsksJrq7lOHxryrVOn1ejG6oAp8ahvOIQD8sw=="
    "resolved" "https://registry.npmjs.org/path-parse/-/path-parse-1.0.7.tgz"
    "version" "1.0.7"
  
  "path-type@^2.0.0":
    "integrity" "sha1-8BLMuEFbcJb8LaoQVMPXI4lZTHM="
    "resolved" "https://registry.npmjs.org/path-type/-/path-type-2.0.0.tgz"
    "version" "2.0.0"
    dependencies:
      "pify" "^2.0.0"
  
  "pend@~1.2.0":
    "integrity" "sha1-elfrVQpng/kRUzH89GY9XI4AelA="
    "resolved" "https://registry.npmjs.org/pend/-/pend-1.2.0.tgz"
    "version" "1.2.0"
  
  "performance-now@^2.1.0":
    "integrity" "sha1-Ywn04OX6kT7BxpMHrjZLSzd8nns="
    "resolved" "https://registry.npmjs.org/performance-now/-/performance-now-2.1.0.tgz"
    "version" "2.1.0"
  
  "pify@^2.0.0":
    "integrity" "sha1-7RQaasBDqEnqWISY59yosVMw6Qw="
    "resolved" "https://registry.npmjs.org/pify/-/pify-2.3.0.tgz"
    "version" "2.3.0"
  
  "pify@^3.0.0":
    "integrity" "sha1-5aSs0sEB/fPZpNB/DbxNtJ3SgXY="
    "resolved" "https://registry.npmjs.org/pify/-/pify-3.0.0.tgz"
    "version" "3.0.0"
  
  "plist@^3.0.0", "plist@^3.0.1":
    "integrity" "sha512-ksrr8y9+nXOxQB2osVNqrgvX/XQPOXaU4BQMKjYq8PvaY1U18mo+fKgBSwzK+luSyinOuPae956lSVcBwxlAMg=="
    "resolved" "https://registry.npmjs.org/plist/-/plist-3.0.4.tgz"
    "version" "3.0.4"
    dependencies:
      "base64-js" "^1.5.1"
      "xmlbuilder" "^9.0.7"
  
  "prepend-http@^2.0.0":
    "integrity" "sha1-6SQ0v6XqjBn0HN/UAddBo8gZ2Jc="
    "resolved" "https://registry.npmjs.org/prepend-http/-/prepend-http-2.0.0.tgz"
    "version" "2.0.0"
  
  "process-nextick-args@~2.0.0":
    "integrity" "sha512-3ouUOpQhtgrbOa17J7+uxOTpITYWaGP7/AhoR3+A+/1e9skrzelGi/dXzEYyvbxubEF6Wn2ypscTKiKJFFn1ag=="
    "resolved" "https://registry.npmjs.org/process-nextick-args/-/process-nextick-args-2.0.1.tgz"
    "version" "2.0.1"
  
  "progress@^2.0.3":
    "integrity" "sha512-7PiHtLll5LdnKIMw100I+8xJXR5gW2QwWYkT6iJva0bXitZKa/XMrSbdmg3r2Xnaidz9Qumd0VPaMrZlF9V9sA=="
    "resolved" "https://registry.npmjs.org/progress/-/progress-2.0.3.tgz"
    "version" "2.0.3"
  
  "proto-list@~1.2.1":
    "integrity" "sha1-IS1b/hMYMGpCD2QCuOJv85ZHqEk="
    "resolved" "https://registry.npmjs.org/proto-list/-/proto-list-1.2.4.tgz"
    "version" "1.2.4"
  
  "psl@^1.1.28":
    "integrity" "sha512-RIdOzyoavK+hA18OGGWDqUTsCLhtA7IcZ/6NCs4fFJaHBDab+pDDmDIByWFRQJq2Cd7r1OoQxBGKOaztq+hjIQ=="
    "resolved" "https://registry.npmjs.org/psl/-/psl-1.8.0.tgz"
    "version" "1.8.0"
  
  "pump@^3.0.0":
    "integrity" "sha512-LwZy+p3SFs1Pytd/jYct4wpv49HiYCqd9Rlc5ZVdk0V+8Yzv6jR5Blk3TRmPL1ft69TxP0IMZGJ+WPFU2BFhww=="
    "resolved" "https://registry.npmjs.org/pump/-/pump-3.0.0.tgz"
    "version" "3.0.0"
    dependencies:
      "end-of-stream" "^1.1.0"
      "once" "^1.3.1"
  
  "punycode@^2.1.0", "punycode@^2.1.1":
    "integrity" "sha512-XRsRjdf+j5ml+y/6GKHPZbrF/8p2Yga0JPtdqTIY2Xe5ohJPD9saDJJLPvp9+NSBprVvevdXZybnj2cv8OEd0A=="
    "resolved" "https://registry.npmjs.org/punycode/-/punycode-2.1.1.tgz"
    "version" "2.1.1"
  
  "qs@~6.5.2":
    "integrity" "sha512-N5ZAX4/LxJmF+7wN74pUD6qAh9/wnvdQcjq9TZjevvXzSUo7bfmw91saqMjzGS2xq91/odN2dW/WOl7qQHNDGA=="
    "resolved" "https://registry.npmjs.org/qs/-/qs-6.5.2.tgz"
    "version" "6.5.2"
  
  "rc@^1.2.7":
    "integrity" "sha512-y3bGgqKj3QBdxLbLkomlohkvsA8gdAiUQlSBJnBhfn+BPxg4bc62d8TcBW15wavDfgexCgccckhcZvywyQYPOw=="
    "resolved" "https://registry.npmjs.org/rc/-/rc-1.2.8.tgz"
    "version" "1.2.8"
    dependencies:
      "deep-extend" "^0.6.0"
      "ini" "~1.3.0"
      "minimist" "^1.2.0"
      "strip-json-comments" "~2.0.1"
  
  "rcedit@^3.0.1":
    "integrity" "sha512-XM0Jv40/y4hVAqj/MO70o/IWs4uOsaSoo2mLyk3klFDW+SStLnCtzuQu+1OBTIMGlM8CvaK9ftlYCp6DJ+cMsw=="
    "resolved" "https://registry.npmjs.org/rcedit/-/rcedit-3.0.1.tgz"
    "version" "3.0.1"
    dependencies:
      "cross-spawn-windows-exe" "^1.1.0"
  
  "read-pkg-up@^2.0.0":
    "integrity" "sha1-a3KoBImE4MQeeVEP1en6mbO1Sb4="
    "resolved" "https://registry.npmjs.org/read-pkg-up/-/read-pkg-up-2.0.0.tgz"
    "version" "2.0.0"
    dependencies:
      "find-up" "^2.0.0"
      "read-pkg" "^2.0.0"
  
  "read-pkg@^2.0.0":
    "integrity" "sha1-jvHAYjxqbbDcZxPEv6xGMysjaPg="
    "resolved" "https://registry.npmjs.org/read-pkg/-/read-pkg-2.0.0.tgz"
    "version" "2.0.0"
    dependencies:
      "load-json-file" "^2.0.0"
      "normalize-package-data" "^2.3.2"
      "path-type" "^2.0.0"
  
  "readable-stream@^2.0.6":
    "integrity" "sha512-Ebho8K4jIbHAxnuxi7o42OrZgF/ZTNcsZj6nRKyUmkhLFq8CHItp/fy6hQZuZmP/n3yZ9VBUbp4zz/mX8hmYPw=="
    "resolved" "https://registry.npmjs.org/readable-stream/-/readable-stream-2.3.7.tgz"
    "version" "2.3.7"
    dependencies:
      "core-util-is" "~1.0.0"
      "inherits" "~2.0.3"
      "isarray" "~1.0.0"
      "process-nextick-args" "~2.0.0"
      "safe-buffer" "~5.1.1"
      "string_decoder" "~1.1.1"
      "util-deprecate" "~1.0.1"
  
  "readable-stream@^2.2.2":
    "integrity" "sha512-Ebho8K4jIbHAxnuxi7o42OrZgF/ZTNcsZj6nRKyUmkhLFq8CHItp/fy6hQZuZmP/n3yZ9VBUbp4zz/mX8hmYPw=="
    "resolved" "https://registry.npmjs.org/readable-stream/-/readable-stream-2.3.7.tgz"
    "version" "2.3.7"
    dependencies:
      "core-util-is" "~1.0.0"
      "inherits" "~2.0.3"
      "isarray" "~1.0.0"
      "process-nextick-args" "~2.0.0"
      "safe-buffer" "~5.1.1"
      "string_decoder" "~1.1.1"
      "util-deprecate" "~1.0.1"
  
  "request@^2.87.0":
    "integrity" "sha512-MsvtOrfG9ZcrOwAW+Qi+F6HbD0CWXEh9ou77uOb7FM2WPhwT7smM833PzanhJLsgXjN89Ir6V2PczXNnMpwKhw=="
    "resolved" "https://registry.npmjs.org/request/-/request-2.88.2.tgz"
    "version" "2.88.2"
    dependencies:
      "aws-sign2" "~0.7.0"
      "aws4" "^1.8.0"
      "caseless" "~0.12.0"
      "combined-stream" "~1.0.6"
      "extend" "~3.0.2"
      "forever-agent" "~0.6.1"
      "form-data" "~2.3.2"
      "har-validator" "~5.1.3"
      "http-signature" "~1.2.0"
      "is-typedarray" "~1.0.0"
      "isstream" "~0.1.2"
      "json-stringify-safe" "~5.0.1"
      "mime-types" "~2.1.19"
      "oauth-sign" "~0.9.0"
      "performance-now" "^2.1.0"
      "qs" "~6.5.2"
      "safe-buffer" "^5.1.2"
      "tough-cookie" "~2.5.0"
      "tunnel-agent" "^0.6.0"
      "uuid" "^3.3.2"
  
  "require-directory@^2.1.1":
    "integrity" "sha1-jGStX9MNqxyXbiNE/+f3kqam30I="
    "resolved" "https://registry.npmjs.org/require-directory/-/require-directory-2.1.1.tgz"
    "version" "2.1.1"
  
  "require-main-filename@^2.0.0":
    "integrity" "sha512-NKN5kMDylKuldxYLSUfrbo5Tuzh4hd+2E8NPPX02mZtn1VuREQToYe/ZdlJy+J3uCpfaiGF05e7B8W0iXbQHmg=="
    "resolved" "https://registry.npmjs.org/require-main-filename/-/require-main-filename-2.0.0.tgz"
    "version" "2.0.0"
  
  "resolve@^1.1.6", "resolve@^1.10.0":
    "integrity" "sha512-wENBPt4ySzg4ybFQW2TT1zMQucPK95HSh/nq2CFTZVOGut2+pQvSsgtda4d26YrYcr067wjbmzOG8byDPBX63A=="
    "resolved" "https://registry.npmjs.org/resolve/-/resolve-1.20.0.tgz"
    "version" "1.20.0"
    dependencies:
      "is-core-module" "^2.2.0"
      "path-parse" "^1.0.6"
  
  "responselike@^1.0.2":
    "integrity" "sha1-kYcg7ztjHFZCvgaPFa3lpG9Loec="
    "resolved" "https://registry.npmjs.org/responselike/-/responselike-1.0.2.tgz"
    "version" "1.0.2"
    dependencies:
      "lowercase-keys" "^1.0.0"
  
  "rimraf@^2.6.1":
    "integrity" "sha512-uWjbaKIK3T1OSVptzX7Nl6PvQ3qAGtKEtVRjRuazjfL3Bx5eI409VZSqgND+4UNnmzLVdPj9FqFJNPqBZFve4w=="
    "resolved" "https://registry.npmjs.org/rimraf/-/rimraf-2.7.1.tgz"
    "version" "2.7.1"
    dependencies:
      "glob" "^7.1.3"
  
  "rimraf@^3.0.0":
    "integrity" "sha512-JZkJMZkAGFFPP2YqXZXPbMlMBgsxzE8ILs4lMIX/2o0L9UBw9O/Y3o6wFw/i9YLapcUJWwqbi3kdxIPdC62TIA=="
    "resolved" "https://registry.npmjs.org/rimraf/-/rimraf-3.0.2.tgz"
    "version" "3.0.2"
    dependencies:
      "glob" "^7.1.3"
  
  "rimraf@2":
    "integrity" "sha512-uWjbaKIK3T1OSVptzX7Nl6PvQ3qAGtKEtVRjRuazjfL3Bx5eI409VZSqgND+4UNnmzLVdPj9FqFJNPqBZFve4w=="
    "resolved" "https://registry.npmjs.org/rimraf/-/rimraf-2.7.1.tgz"
    "version" "2.7.1"
    dependencies:
      "glob" "^7.1.3"
  
  "roarr@^2.15.3":
    "integrity" "sha512-CHhPh+UNHD2GTXNYhPWLnU8ONHdI+5DI+4EYIAOaiD63rHeYlZvyh8P+in5999TTSFgUYuKUAjzRI4mdh/p+2A=="
    "resolved" "https://registry.npmjs.org/roarr/-/roarr-2.15.4.tgz"
    "version" "2.15.4"
    dependencies:
      "boolean" "^3.0.1"
      "detect-node" "^2.0.4"
      "globalthis" "^1.0.1"
      "json-stringify-safe" "^5.0.1"
      "semver-compare" "^1.0.0"
      "sprintf-js" "^1.1.2"
  
  "safe-buffer@^5.0.1", "safe-buffer@^5.1.2", "safe-buffer@^5.2.1":
    "integrity" "sha512-rp3So07KcdmmKbGvgaNxQSJr7bGVSVk5S9Eq1F+ppbRo70+YeaDxkw5Dd8NPN+GD6bjnYm2VuPuCXmpuYvmCXQ=="
    "resolved" "https://registry.npmjs.org/safe-buffer/-/safe-buffer-5.2.1.tgz"
    "version" "5.2.1"
  
  "safe-buffer@~5.1.0", "safe-buffer@~5.1.1":
    "integrity" "sha512-Gd2UZBJDkXlY7GbJxfsE8/nvKkUEU1G38c1siN6QP6a9PT9MmHB8GnpscSmMJSoF8LOIrt8ud/wPtojys4G6+g=="
    "resolved" "https://registry.npmjs.org/safe-buffer/-/safe-buffer-5.1.2.tgz"
    "version" "5.1.2"
  
  "safer-buffer@^2.0.2", "safer-buffer@^2.1.0", "safer-buffer@>= 2.1.2 < 3", "safer-buffer@~2.1.0":
    "integrity" "sha512-YZo3K82SD7Riyi0E1EQPojLz7kpepnSQI9IyPbHHg1XXXevb5dJI7tpyN2ADxGcQbHG7vcyRHk0cbwqcQriUtg=="
    "resolved" "https://registry.npmjs.org/safer-buffer/-/safer-buffer-2.1.2.tgz"
    "version" "2.1.2"
  
  "sax@^1.2.4":
    "integrity" "sha512-NqVDv9TpANUjFm0N8uM5GxL36UgKi9/atZw+x7YFnQ8ckwFGKrl4xX4yWtrey3UJm5nP1kUbnYgLopqWNSRhWw=="
    "resolved" "https://registry.npmjs.org/sax/-/sax-1.2.4.tgz"
    "version" "1.2.4"
  
  "semver-compare@^1.0.0":
    "integrity" "sha1-De4hahyUGrN+nvsXiPavxf9VN/w="
    "resolved" "https://registry.npmjs.org/semver-compare/-/semver-compare-1.0.0.tgz"
    "version" "1.0.0"
  
  "semver@^5.3.0":
    "integrity" "sha512-sauaDf/PZdVgrLTNYHRtpXa1iRiKcaebiKQ1BJdpQlWH2lCvexQdX55snPFyK7QzpudqbCI0qXFfOasHdyNDGQ=="
    "resolved" "https://registry.npmjs.org/semver/-/semver-5.7.1.tgz"
    "version" "5.7.1"
  
  "semver@^6.2.0":
    "integrity" "sha512-b39TBaTSfV6yBrapU89p5fKekE2m/NwnDocOVruQFS1/veMgdzuPcnOM34M6CwxW8jH/lxEa5rBoDeUwu5HHTw=="
    "resolved" "https://registry.npmjs.org/semver/-/semver-6.3.0.tgz"
    "version" "6.3.0"
  
  "semver@^7.1.1", "semver@^7.1.3", "semver@^7.3.2":
    "integrity" "sha512-PoeGJYh8HK4BTO/a9Tf6ZG3veo/A7ZVsYrSA6J8ny9nb3B1VrpkuN+z9OE5wfE5p6H4LchYZsegiQgbJD94ZFQ=="
    "resolved" "https://registry.npmjs.org/semver/-/semver-7.3.5.tgz"
    "version" "7.3.5"
    dependencies:
      "lru-cache" "^6.0.0"
  
  "semver@~5.3.0":
    "integrity" "sha1-myzl094C0XxgEq0yaqa00M9U+U8="
    "resolved" "https://registry.npmjs.org/semver/-/semver-5.3.0.tgz"
    "version" "5.3.0"
  
  "semver@2 || 3 || 4 || 5":
    "integrity" "sha512-sauaDf/PZdVgrLTNYHRtpXa1iRiKcaebiKQ1BJdpQlWH2lCvexQdX55snPFyK7QzpudqbCI0qXFfOasHdyNDGQ=="
    "resolved" "https://registry.npmjs.org/semver/-/semver-5.7.1.tgz"
    "version" "5.7.1"
  
  "serialize-error@^7.0.1":
    "integrity" "sha512-8I8TjW5KMOKsZQTvoxjuSIa7foAwPWGOts+6o7sgjz41/qMD9VQHEDxi6PBvK2l0MXUmqZyNpUK+T2tQaaElvw=="
    "resolved" "https://registry.npmjs.org/serialize-error/-/serialize-error-7.0.1.tgz"
    "version" "7.0.1"
    dependencies:
      "type-fest" "^0.13.1"
  
  "set-blocking@^2.0.0", "set-blocking@~2.0.0":
    "integrity" "sha1-BF+XgtARrppoA93TgrJDkrPYkPc="
    "resolved" "https://registry.npmjs.org/set-blocking/-/set-blocking-2.0.0.tgz"
    "version" "2.0.0"
  
  "shebang-command@^2.0.0":
    "integrity" "sha512-kHxr2zZpYtdmrN1qDjrrX/Z1rR1kG8Dx+gkpK1G4eXmvXswmcE1hTWBWYUzlraYw1/yZp6YuDY77YtvbN0dmDA=="
    "resolved" "https://registry.npmjs.org/shebang-command/-/shebang-command-2.0.0.tgz"
    "version" "2.0.0"
    dependencies:
      "shebang-regex" "^3.0.0"
  
  "shebang-regex@^3.0.0":
    "integrity" "sha512-7++dFhtcx3353uBaq8DDR4NuxBetBzC7ZQOhmTQInHEd6bSrXdiEyzCvG07Z44UYdLShWUyXt5M/yhz8ekcb1A=="
    "resolved" "https://registry.npmjs.org/shebang-regex/-/shebang-regex-3.0.0.tgz"
    "version" "3.0.0"
  
  "signal-exit@^3.0.0":
    "integrity" "sha512-rqYhcAnZ6d/vTPGghdrw7iumdcbXpsk1b8IG/rz+VWV51DM0p7XCtMoJ3qhPLIbp3tvyt3pKRbaaEMZYpHto8Q=="
    "resolved" "https://registry.npmjs.org/signal-exit/-/signal-exit-3.0.4.tgz"
    "version" "3.0.4"
  
  "spdx-correct@^3.0.0":
    "integrity" "sha512-cOYcUWwhCuHCXi49RhFRCyJEK3iPj1Ziz9DpViV3tbZOwXD49QzIN3MpOLJNxh2qwq2lJJZaKMVw9qNi4jTC0w=="
    "resolved" "https://registry.npmjs.org/spdx-correct/-/spdx-correct-3.1.1.tgz"
    "version" "3.1.1"
    dependencies:
      "spdx-expression-parse" "^3.0.0"
      "spdx-license-ids" "^3.0.0"
  
  "spdx-exceptions@^2.1.0":
    "integrity" "sha512-/tTrYOC7PPI1nUAgx34hUpqXuyJG+DTHJTnIULG4rDygi4xu/tfgmq1e1cIRwRzwZgo4NLySi+ricLkZkw4i5A=="
    "resolved" "https://registry.npmjs.org/spdx-exceptions/-/spdx-exceptions-2.3.0.tgz"
    "version" "2.3.0"
  
  "spdx-expression-parse@^3.0.0":
    "integrity" "sha512-cbqHunsQWnJNE6KhVSMsMeH5H/L9EpymbzqTQ3uLwNCLZ1Q481oWaofqH7nO6V07xlXwY6PhQdQ2IedWx/ZK4Q=="
    "resolved" "https://registry.npmjs.org/spdx-expression-parse/-/spdx-expression-parse-3.0.1.tgz"
    "version" "3.0.1"
    dependencies:
      "spdx-exceptions" "^2.1.0"
      "spdx-license-ids" "^3.0.0"
  
  "spdx-license-ids@^3.0.0":
    "integrity" "sha512-oie3/+gKf7QtpitB0LYLETe+k8SifzsX4KixvpOsbI6S0kRiRQ5MKOio8eMSAKQ17N06+wdEOXRiId+zOxo0hA=="
    "resolved" "https://registry.npmjs.org/spdx-license-ids/-/spdx-license-ids-3.0.10.tgz"
    "version" "3.0.10"
  
  "sprintf-js@^1.1.2":
    "integrity" "sha512-VE0SOVEHCk7Qc8ulkWw3ntAzXuqf7S2lvwQaDLRnUeIEaKNQJzV6BwmLKhOqT61aGhfUMrXeaBk+oDGCzvhcug=="
    "resolved" "https://registry.npmjs.org/sprintf-js/-/sprintf-js-1.1.2.tgz"
    "version" "1.1.2"
  
  "sqlite3@^5.0.2":
    "integrity" "sha512-1SdTNo+BVU211Xj1csWa8lV6KM0CtucDwRyA0VHl91wEH1Mgh7RxUpI4rVvG7OhHrzCSGaVyW5g8vKvlrk9DJA=="
    "resolved" "https://registry.npmjs.org/sqlite3/-/sqlite3-5.0.2.tgz"
    "version" "5.0.2"
    dependencies:
      "node-addon-api" "^3.0.0"
      "node-pre-gyp" "^0.11.0"
    optionalDependencies:
      "node-gyp" "3.x"
  
  "sshpk@^1.7.0":
    "integrity" "sha512-HXXqVUq7+pcKeLqqZj6mHFUMvXtOJt1uoUx09pFW6011inTMxqI8BA8PM95myrIyyKwdnzjdFjLiE6KBPVtJIg=="
    "resolved" "https://registry.npmjs.org/sshpk/-/sshpk-1.16.1.tgz"
    "version" "1.16.1"
    dependencies:
      "asn1" "~0.2.3"
      "assert-plus" "^1.0.0"
      "bcrypt-pbkdf" "^1.0.0"
      "dashdash" "^1.12.0"
      "ecc-jsbn" "~0.1.1"
      "getpass" "^0.1.1"
      "jsbn" "~0.1.0"
      "safer-buffer" "^2.0.2"
      "tweetnacl" "~0.14.0"
  
  "string_decoder@~1.1.1":
    "integrity" "sha512-n/ShnvDi6FHbbVfviro+WojiFzv+s8MPMHBczVePfUpDJLwoLT0ht1l4YwBCbi8pJAveEEdnkHyPyTP/mzRfwg=="
    "resolved" "https://registry.npmjs.org/string_decoder/-/string_decoder-1.1.1.tgz"
    "version" "1.1.1"
    dependencies:
      "safe-buffer" "~5.1.0"
  
  "string-width@^1.0.1", "string-width@^1.0.2 || 2":
    "integrity" "sha1-EYvfW4zcUaKn5w0hHgfisLmxB9M="
    "resolved" "https://registry.npmjs.org/string-width/-/string-width-1.0.2.tgz"
    "version" "1.0.2"
    dependencies:
      "code-point-at" "^1.0.0"
      "is-fullwidth-code-point" "^1.0.0"
      "strip-ansi" "^3.0.0"
  
  "string-width@^4.1.0":
    "integrity" "sha512-wKyQRQpjJ0sIp62ErSZdGsjMJWsap5oRNihHhu6G7JVO/9jIB6UyevL+tXuOqrng8j/cxKTWyWUwvSTriiZz/g=="
    "resolved" "https://registry.npmjs.org/string-width/-/string-width-4.2.3.tgz"
    "version" "4.2.3"
    dependencies:
      "emoji-regex" "^8.0.0"
      "is-fullwidth-code-point" "^3.0.0"
      "strip-ansi" "^6.0.1"
  
  "string-width@^4.2.0":
    "integrity" "sha512-wKyQRQpjJ0sIp62ErSZdGsjMJWsap5oRNihHhu6G7JVO/9jIB6UyevL+tXuOqrng8j/cxKTWyWUwvSTriiZz/g=="
    "resolved" "https://registry.npmjs.org/string-width/-/string-width-4.2.3.tgz"
    "version" "4.2.3"
    dependencies:
      "emoji-regex" "^8.0.0"
      "is-fullwidth-code-point" "^3.0.0"
      "strip-ansi" "^6.0.1"
  
  "strip-ansi@^3.0.0":
    "integrity" "sha1-ajhfuIU9lS1f8F0Oiq+UJ43GPc8="
    "resolved" "https://registry.npmjs.org/strip-ansi/-/strip-ansi-3.0.1.tgz"
    "version" "3.0.1"
    dependencies:
      "ansi-regex" "^2.0.0"
  
  "strip-ansi@^3.0.1":
    "integrity" "sha1-ajhfuIU9lS1f8F0Oiq+UJ43GPc8="
    "resolved" "https://registry.npmjs.org/strip-ansi/-/strip-ansi-3.0.1.tgz"
    "version" "3.0.1"
    dependencies:
      "ansi-regex" "^2.0.0"
  
  "strip-ansi@^6.0.0", "strip-ansi@^6.0.1":
    "integrity" "sha512-Y38VPSHcqkFrCpFnQ9vuSXmquuv5oXOKpGeT6aGrr3o3Gc9AlVa6JBfUSOCnbxGGZF+/0ooI7KrPuUSztUdU5A=="
    "resolved" "https://registry.npmjs.org/strip-ansi/-/strip-ansi-6.0.1.tgz"
    "version" "6.0.1"
    dependencies:
      "ansi-regex" "^5.0.1"
  
  "strip-bom@^3.0.0":
    "integrity" "sha1-IzTBjpx1n3vdVv3vfprj1YjmjtM="
    "resolved" "https://registry.npmjs.org/strip-bom/-/strip-bom-3.0.0.tgz"
    "version" "3.0.0"
  
  "strip-json-comments@~2.0.1":
    "integrity" "sha1-PFMZQukIwml8DsNEhYwobHygpgo="
    "resolved" "https://registry.npmjs.org/strip-json-comments/-/strip-json-comments-2.0.1.tgz"
    "version" "2.0.1"
  
  "strip-outer@^1.0.1":
    "integrity" "sha512-k55yxKHwaXnpYGsOzg4Vl8+tDrWylxDEpknGjhTiZB8dFRU5rTo9CAzeycivxV3s+zlTKwrs6WxMxR95n26kwg=="
    "resolved" "https://registry.npmjs.org/strip-outer/-/strip-outer-1.0.1.tgz"
    "version" "1.0.1"
    dependencies:
      "escape-string-regexp" "^1.0.2"
  
  "sumchecker@^3.0.1":
    "integrity" "sha512-MvjXzkz/BOfyVDkG0oFOtBxHX2u3gKbMHIF/dXblZsgD3BWOFLmHovIpZY7BykJdAjcqRCBi1WYBNdEC9yI7vg=="
    "resolved" "https://registry.npmjs.org/sumchecker/-/sumchecker-3.0.1.tgz"
    "version" "3.0.1"
    dependencies:
      "debug" "^4.1.0"
  
  "tar@^2.0.0":
    "integrity" "sha512-FCEhQ/4rE1zYv9rYXJw/msRqsnmlje5jHP6huWeBZ704jUTy02c5AZyWujpMR1ax6mVw9NyJMfuK2CMDWVIfgA=="
    "resolved" "https://registry.npmjs.org/tar/-/tar-2.2.2.tgz"
    "version" "2.2.2"
    dependencies:
      "block-stream" "*"
      "fstream" "^1.0.12"
      "inherits" "2"
  
  "tar@^4":
    "integrity" "sha512-a20gEsvHnWe0ygBY8JbxoM4w3SJdhc7ZAuxkLqh+nvNQN2IOt0B5lLgM490X5Hl8FF0dl0tOf2ewFYAlIFgzVA=="
    "resolved" "https://registry.npmjs.org/tar/-/tar-4.4.19.tgz"
    "version" "4.4.19"
    dependencies:
      "chownr" "^1.1.4"
      "fs-minipass" "^1.2.7"
      "minipass" "^2.9.0"
      "minizlib" "^1.3.3"
      "mkdirp" "^0.5.5"
      "safe-buffer" "^5.2.1"
      "yallist" "^3.1.1"
  
  "tar@4.4.18":
    "integrity" "sha512-ZuOtqqmkV9RE1+4odd+MhBpibmCxNP6PJhH/h2OqNuotTX7/XHPZQJv2pKvWMplFH9SIZZhitehh6vBH6LO8Pg=="
    "resolved" "https://registry.npmjs.org/tar/-/tar-4.4.18.tgz"
    "version" "4.4.18"
    dependencies:
      "chownr" "^1.1.4"
      "fs-minipass" "^1.2.7"
      "minipass" "^2.9.0"
      "minizlib" "^1.3.3"
      "mkdirp" "^0.5.5"
      "safe-buffer" "^5.2.1"
      "yallist" "^3.1.1"
  
  "tmp-promise@^3.0.2":
    "integrity" "sha512-RwM7MoPojPxsOBYnyd2hy0bxtIlVrihNs9pj5SUvY8Zz1sQcQG2tG1hSr8PDxfgEB8RNKDhqbIlroIarSNDNsQ=="
    "resolved" "https://registry.npmjs.org/tmp-promise/-/tmp-promise-3.0.3.tgz"
    "version" "3.0.3"
    dependencies:
      "tmp" "^0.2.0"
  
  "tmp@^0.2.0":
    "integrity" "sha512-76SUhtfqR2Ijn+xllcI5P1oyannHNHByD80W1q447gU3mp9G9PSpGdWmjUOHRDPiHYacIk66W7ubDTuPF3BEtQ=="
    "resolved" "https://registry.npmjs.org/tmp/-/tmp-0.2.1.tgz"
    "version" "0.2.1"
    dependencies:
      "rimraf" "^3.0.0"
  
  "to-readable-stream@^1.0.0":
    "integrity" "sha512-Iq25XBt6zD5npPhlLVXGFN3/gyR2/qODcKNNyTMd4vbm39HUaOiAM4PMq0eMVC/Tkxz+Zjdsc55g9yyz+Yq00Q=="
    "resolved" "https://registry.npmjs.org/to-readable-stream/-/to-readable-stream-1.0.0.tgz"
    "version" "1.0.0"
  
  "tough-cookie@~2.5.0":
    "integrity" "sha512-nlLsUzgm1kfLXSXfRZMc1KLAugd4hqJHDTvc2hDIwS3mZAfMEuMbc03SujMF+GEcpaX/qboeycw6iO8JwVv2+g=="
    "resolved" "https://registry.npmjs.org/tough-cookie/-/tough-cookie-2.5.0.tgz"
    "version" "2.5.0"
    dependencies:
      "psl" "^1.1.28"
      "punycode" "^2.1.1"
  
  "trim-repeated@^1.0.0":
    "integrity" "sha1-42RqLqTokTEr9+rObPsFOAvAHCE="
    "resolved" "https://registry.npmjs.org/trim-repeated/-/trim-repeated-1.0.0.tgz"
    "version" "1.0.0"
    dependencies:
      "escape-string-regexp" "^1.0.2"
  
  "tunnel-agent@^0.6.0":
    "integrity" "sha1-J6XeoGs2sEoKmWZ3SykIaPD8QP0="
    "resolved" "https://registry.npmjs.org/tunnel-agent/-/tunnel-agent-0.6.0.tgz"
    "version" "0.6.0"
    dependencies:
      "safe-buffer" "^5.0.1"
  
  "tunnel@^0.0.6":
    "integrity" "sha512-1h/Lnq9yajKY2PEbBadPXj3VxsDDu844OnaAo52UVmIzIvwwtBPIuNvkjuzBlTWpfJyUbG3ez0KSBibQkj4ojg=="
    "resolved" "https://registry.npmjs.org/tunnel/-/tunnel-0.0.6.tgz"
    "version" "0.0.6"
  
  "tweetnacl@^0.14.3", "tweetnacl@~0.14.0":
    "integrity" "sha1-WuaBd/GS1EViadEIr6k/+HQ/T2Q="
    "resolved" "https://registry.npmjs.org/tweetnacl/-/tweetnacl-0.14.5.tgz"
    "version" "0.14.5"
  
  "type-fest@^0.13.1":
    "integrity" "sha512-34R7HTnG0XIJcBSn5XhDd7nNFPRcXYRZrBB2O2jdKqYODldSzBAqzsWoZYYvduky73toYS/ESqxPvkDf/F0XMg=="
    "resolved" "https://registry.npmjs.org/type-fest/-/type-fest-0.13.1.tgz"
    "version" "0.13.1"
  
  "typedarray@^0.0.6":
    "integrity" "sha1-hnrHTjhkGHsdPUfZlqeOxciDB3c="
    "resolved" "https://registry.npmjs.org/typedarray/-/typedarray-0.0.6.tgz"
    "version" "0.0.6"
  
  "universalify@^0.1.0":
    "integrity" "sha512-rBJeI5CXAlmy1pV+617WB9J63U6XcazHHF2f2dbJix4XzpUF0RS3Zbj0FGIOCAva5P/d/GBOYaACQ1w+0azUkg=="
    "resolved" "https://registry.npmjs.org/universalify/-/universalify-0.1.2.tgz"
    "version" "0.1.2"
  
  "universalify@^2.0.0":
    "integrity" "sha512-hAZsKq7Yy11Zu1DE0OzWjw7nnLZmJZYTDZZyEFHZdUhV8FkH5MCfoU1XMaxXovpyW5nq5scPqq0ZDP9Zyl04oQ=="
    "resolved" "https://registry.npmjs.org/universalify/-/universalify-2.0.0.tgz"
    "version" "2.0.0"
  
  "uri-js@^4.2.2":
    "integrity" "sha512-7rKUyy33Q1yc98pQ1DAmLtwX109F7TIfWlW1Ydo8Wl1ii1SeHieeh0HHfPeL2fMXK6z0s8ecKs9frCuLJvndBg=="
    "resolved" "https://registry.npmjs.org/uri-js/-/uri-js-4.4.1.tgz"
    "version" "4.4.1"
    dependencies:
      "punycode" "^2.1.0"
  
  "url-parse-lax@^3.0.0":
    "integrity" "sha1-FrXK/Afb42dsGxmZF3gj1lA6yww="
    "resolved" "https://registry.npmjs.org/url-parse-lax/-/url-parse-lax-3.0.0.tgz"
    "version" "3.0.0"
    dependencies:
      "prepend-http" "^2.0.0"
  
  "util-deprecate@~1.0.1":
    "integrity" "sha1-RQ1Nyfpw3nMnYvvS1KKJgUGaDM8="
    "resolved" "https://registry.npmjs.org/util-deprecate/-/util-deprecate-1.0.2.tgz"
    "version" "1.0.2"
  
  "uuid@^3.3.2":
    "integrity" "sha512-HjSDRw6gZE5JMggctHBcjVak08+KEVhSIiDzFnT9S9aegmp85S/bReBVTb4QTFaRNptJ9kuYaNhnbNEOkbKb/A=="
    "resolved" "https://registry.npmjs.org/uuid/-/uuid-3.4.0.tgz"
    "version" "3.4.0"
  
  "validate-npm-package-license@^3.0.1":
    "integrity" "sha512-DpKm2Ui/xN7/HQKCtpZxoRWBhZ9Z0kqtygG8XCgNQ8ZlDnxuQmWhj566j8fN4Cu3/JmbhsDo7fcAJq4s9h27Ew=="
    "resolved" "https://registry.npmjs.org/validate-npm-package-license/-/validate-npm-package-license-3.0.4.tgz"
    "version" "3.0.4"
    dependencies:
      "spdx-correct" "^3.0.0"
      "spdx-expression-parse" "^3.0.0"
  
  "verror@1.10.0":
    "integrity" "sha1-OhBcoXBTr1XW4nDB+CiGguGNpAA="
    "resolved" "https://registry.npmjs.org/verror/-/verror-1.10.0.tgz"
    "version" "1.10.0"
    dependencies:
      "assert-plus" "^1.0.0"
      "core-util-is" "1.0.2"
      "extsprintf" "^1.2.0"
  
  "which-module@^2.0.0":
    "integrity" "sha1-2e8H3Od7mQK4o6j6SzHD4/fm6Ho="
    "resolved" "https://registry.npmjs.org/which-module/-/which-module-2.0.0.tgz"
    "version" "2.0.0"
  
  "which@^2.0.1", "which@^2.0.2":
    "integrity" "sha512-BLI3Tl1TW3Pvl70l3yq3Y64i+awpwXqsGBYWkkqMtnbXgrMD+yj7rhW0kuEDxzJaYXGjEW5ogapKNMEKNMjibA=="
    "resolved" "https://registry.npmjs.org/which/-/which-2.0.2.tgz"
    "version" "2.0.2"
    dependencies:
      "isexe" "^2.0.0"
  
  "which@1":
    "integrity" "sha512-HxJdYWq1MTIQbJ3nw0cqssHoTNU267KlrDuGZ1WYlxDStUtKUhOaJmh112/TZmHxxUfuJqPXSOm7tDyas0OSIQ=="
    "resolved" "https://registry.npmjs.org/which/-/which-1.3.1.tgz"
    "version" "1.3.1"
    dependencies:
      "isexe" "^2.0.0"
  
  "wide-align@^1.1.0":
    "integrity" "sha512-QGkOQc8XL6Bt5PwnsExKBPuMKBxnGxWWW3fU55Xt4feHozMUhdUMaBCk290qpm/wG5u/RSKzwdAC4i51YigihA=="
    "resolved" "https://registry.npmjs.org/wide-align/-/wide-align-1.1.3.tgz"
    "version" "1.1.3"
    dependencies:
      "string-width" "^1.0.2 || 2"
  
  "wrap-ansi@^6.2.0":
    "integrity" "sha512-r6lPcBGxZXlIcymEu7InxDMhdW0KDxpLgoFLcguasxCaJ/SOIZwINatK9KY/tf+ZrlywOKU0UDj3ATXUBfxJXA=="
    "resolved" "https://registry.npmjs.org/wrap-ansi/-/wrap-ansi-6.2.0.tgz"
    "version" "6.2.0"
    dependencies:
      "ansi-styles" "^4.0.0"
      "string-width" "^4.1.0"
      "strip-ansi" "^6.0.0"
  
  "wrappy@1":
    "integrity" "sha1-tSQ9jz7BqjXxNkYFvA0QNuMKtp8="
    "resolved" "https://registry.npmjs.org/wrappy/-/wrappy-1.0.2.tgz"
    "version" "1.0.2"
  
  "xmlbuilder@^9.0.7":
    "integrity" "sha1-Ey7mPS7FVlxVfiD0wi35rKaGsQ0="
    "resolved" "https://registry.npmjs.org/xmlbuilder/-/xmlbuilder-9.0.7.tgz"
    "version" "9.0.7"
  
  "y18n@^4.0.0":
    "integrity" "sha512-JKhqTOwSrqNA1NY5lSztJ1GrBiUodLMmIZuLiDaMRJ+itFd+ABVE8XBjOvIWL+rSqNDC74LCSFmlb/U4UZ4hJQ=="
    "resolved" "https://registry.npmjs.org/y18n/-/y18n-4.0.3.tgz"
    "version" "4.0.3"
  
  "yallist@^3.0.0":
    "integrity" "sha512-a4UGQaWPH59mOXUYnAG2ewncQS4i4F43Tv3JoAM+s2VDAmS9NsK8GpDMLrCHPksFT7h3K6TOoUNn2pb7RoXx4g=="
    "resolved" "https://registry.npmjs.org/yallist/-/yallist-3.1.1.tgz"
    "version" "3.1.1"
  
  "yallist@^3.1.1":
    "integrity" "sha512-a4UGQaWPH59mOXUYnAG2ewncQS4i4F43Tv3JoAM+s2VDAmS9NsK8GpDMLrCHPksFT7h3K6TOoUNn2pb7RoXx4g=="
    "resolved" "https://registry.npmjs.org/yallist/-/yallist-3.1.1.tgz"
    "version" "3.1.1"
  
  "yallist@^4.0.0":
    "integrity" "sha512-3wdGidZyq5PB084XLES5TpOSRA3wjXAlIWMhum2kRcv/41Sn2emQ0dycQW4uZXLejwKvg6EsvbdlVL+FYEct7A=="
    "resolved" "https://registry.npmjs.org/yallist/-/yallist-4.0.0.tgz"
    "version" "4.0.0"
  
  "yargs-parser@^18.1.2":
    "integrity" "sha512-o50j0JeToy/4K6OZcaQmW6lyXXKhq7csREXcDwk2omFPJEwUNOVtJKvmDr9EI1fAJZUyZcRF7kxGBWmRXudrCQ=="
    "resolved" "https://registry.npmjs.org/yargs-parser/-/yargs-parser-18.1.3.tgz"
    "version" "18.1.3"
    dependencies:
      "camelcase" "^5.0.0"
      "decamelize" "^1.2.0"
  
  "yargs-parser@^20.0.0":
    "integrity" "sha512-y11nGElTIV+CT3Zv9t7VKl+Q3hTQoT9a1Qzezhhl6Rp21gJ/IVTW7Z3y9EWXhuUBC2Shnf+DX0antecpAwSP8w=="
    "resolved" "https://registry.npmjs.org/yargs-parser/-/yargs-parser-20.2.9.tgz"
    "version" "20.2.9"
  
  "yargs@^15.1.0":
    "integrity" "sha512-aePbxDmcYW++PaqBsJ+HYUFwCdv4LVvdnhBy78E57PIor8/OVvhMrADFFEDh8DHDFRv/O9i3lPhsENjO7QX0+A=="
    "resolved" "https://registry.npmjs.org/yargs/-/yargs-15.4.1.tgz"
    "version" "15.4.1"
    dependencies:
      "cliui" "^6.0.0"
      "decamelize" "^1.2.0"
      "find-up" "^4.1.0"
      "get-caller-file" "^2.0.1"
      "require-directory" "^2.1.1"
      "require-main-filename" "^2.0.0"
      "set-blocking" "^2.0.0"
      "string-width" "^4.2.0"
      "which-module" "^2.0.0"
      "y18n" "^4.0.0"
      "yargs-parser" "^18.1.2"
  
  "yauzl@^2.10.0":
    "integrity" "sha1-x+sXyT4RLLEIb6bY5R+wZnt5pfk="
    "resolved" "https://registry.npmjs.org/yauzl/-/yauzl-2.10.0.tgz"
    "version" "2.10.0"
    dependencies:
      "buffer-crc32" "~0.2.3"
      "fd-slicer" "~1.1.0"
